  [1m[35m (561.2ms)[0m  [1m[35mCREATE DATABASE "my_stats_development" ENCODING = 'unicode'[0m
  ↳ bin/rails:9
  [1m[35m (445.4ms)[0m  [1m[35mCREATE DATABASE "my_stats_test" ENCODING = 'unicode'[0m
  ↳ bin/rails:9
  [1m[35m (33.8ms)[0m  [1m[35mCREATE TABLE "schema_migrations" ("version" character varying NOT NULL PRIMARY KEY)[0m
  ↳ bin/rails:9
  [1m[35m (38.3ms)[0m  [1m[35mCREATE TABLE "ar_internal_metadata" ("key" character varying NOT NULL PRIMARY KEY, "value" character varying, "created_at" timestamp NOT NULL, "updated_at" timestamp NOT NULL)[0m
  ↳ bin/rails:9
  [1m[35m (1.1ms)[0m  [1m[34mSELECT pg_try_advisory_lock(4569563466244943775)[0m
  ↳ bin/rails:9
  [1m[35m (1.5ms)[0m  [1m[34mSELECT "schema_migrations"."version" FROM "schema_migrations" ORDER BY "schema_migrations"."version" ASC[0m
  ↳ bin/rails:9
Migrating to CreateUsers (20190304144025)
  [1m[35m (25.0ms)[0m  [1m[35mBEGIN[0m
  ↳ bin/rails:9
  [1m[35m (10.2ms)[0m  [1m[35mCREATE TABLE "users" ("id" bigserial primary key, "name" character varying, "created_at" timestamp NOT NULL, "updated_at" timestamp NOT NULL)[0m
  ↳ db/migrate/20190304144025_create_users.rb:3
  [1m[36mActiveRecord::SchemaMigration Create (2.8ms)[0m  [1m[32mINSERT INTO "schema_migrations" ("version") VALUES ($1) RETURNING "version"[0m  [["version", "20190304144025"]]
  ↳ bin/rails:9
  [1m[35m (0.6ms)[0m  [1m[35mCOMMIT[0m
  ↳ bin/rails:9
Migrating to CreateMatches (20190304144031)
  [1m[35m (36.5ms)[0m  [1m[35mBEGIN[0m
  ↳ bin/rails:9
  [1m[35m (25.7ms)[0m  [1m[35mCREATE TABLE "matches" ("id" bigserial primary key, "user1_id" integer, "user2_id" integer, "user3_id" integer, "user4_id" integer, "hero1_id" integer, "hero2_id" integer, "hero3_id" integer, "hero4_id" integer, "created_at" timestamp NOT NULL, "updated_at" timestamp NOT NULL)[0m
  ↳ db/migrate/20190304144031_create_matches.rb:3
  [1m[36mActiveRecord::SchemaMigration Create (0.8ms)[0m  [1m[32mINSERT INTO "schema_migrations" ("version") VALUES ($1) RETURNING "version"[0m  [["version", "20190304144031"]]
  ↳ bin/rails:9
  [1m[35m (0.5ms)[0m  [1m[35mCOMMIT[0m
  ↳ bin/rails:9
Migrating to CreateHeros (20190304144108)
  [1m[35m (41.2ms)[0m  [1m[35mBEGIN[0m
  ↳ bin/rails:9
  [1m[35m (161.4ms)[0m  [1m[35mCREATE TABLE "heros" ("id" bigserial primary key, "name" character varying, "user_id" integer, "created_at" timestamp NOT NULL, "updated_at" timestamp NOT NULL)[0m
  ↳ db/migrate/20190304144108_create_heros.rb:3
  [1m[36mActiveRecord::SchemaMigration Create (0.4ms)[0m  [1m[32mINSERT INTO "schema_migrations" ("version") VALUES ($1) RETURNING "version"[0m  [["version", "20190304144108"]]
  ↳ bin/rails:9
  [1m[35m (1.3ms)[0m  [1m[35mCOMMIT[0m
  ↳ bin/rails:9
  [1m[36mActiveRecord::InternalMetadata Load (1.1ms)[0m  [1m[34mSELECT  "ar_internal_metadata".* FROM "ar_internal_metadata" WHERE "ar_internal_metadata"."key" = $1 LIMIT $2[0m  [["key", "environment"], ["LIMIT", 1]]
  ↳ bin/rails:9
  [1m[35m (0.3ms)[0m  [1m[35mBEGIN[0m
  ↳ bin/rails:9
  [1m[36mActiveRecord::InternalMetadata Create (1.7ms)[0m  [1m[32mINSERT INTO "ar_internal_metadata" ("key", "value", "created_at", "updated_at") VALUES ($1, $2, $3, $4) RETURNING "key"[0m  [["key", "environment"], ["value", "development"], ["created_at", "2019-03-04 15:17:40.300073"], ["updated_at", "2019-03-04 15:17:40.300073"]]
  ↳ bin/rails:9
  [1m[35m (0.4ms)[0m  [1m[35mCOMMIT[0m
  ↳ bin/rails:9
  [1m[35m (0.4ms)[0m  [1m[34mSELECT pg_advisory_unlock(4569563466244943775)[0m
  ↳ bin/rails:9
  [1m[35m (2.0ms)[0m  [1m[34mSELECT "schema_migrations"."version" FROM "schema_migrations" ORDER BY "schema_migrations"."version" ASC[0m
  ↳ bin/rails:9
  [1m[36mUser Load (5.4ms)[0m  [1m[34mSELECT  "users".* FROM "users" LIMIT $1[0m  [["LIMIT", 11]]
  [1m[35m (0.3ms)[0m  [1m[34mSELECT pg_try_advisory_lock(4569563466244943775)[0m
  ↳ /Users/metelskyi/.rvm/gems/ruby-2.5.3/bin/rake:23
  [1m[35m (1.0ms)[0m  [1m[34mSELECT "schema_migrations"."version" FROM "schema_migrations" ORDER BY "schema_migrations"."version" ASC[0m
  ↳ /Users/metelskyi/.rvm/gems/ruby-2.5.3/bin/rake:23
  [1m[36mActiveRecord::InternalMetadata Load (24.7ms)[0m  [1m[34mSELECT  "ar_internal_metadata".* FROM "ar_internal_metadata" WHERE "ar_internal_metadata"."key" = $1 LIMIT $2[0m  [["key", "environment"], ["LIMIT", 1]]
  ↳ /Users/metelskyi/.rvm/gems/ruby-2.5.3/bin/rake:23
  [1m[35m (0.2ms)[0m  [1m[35mBEGIN[0m
  ↳ /Users/metelskyi/.rvm/gems/ruby-2.5.3/bin/rake:23
  [1m[35m (0.2ms)[0m  [1m[35mCOMMIT[0m
  ↳ /Users/metelskyi/.rvm/gems/ruby-2.5.3/bin/rake:23
  [1m[35m (0.3ms)[0m  [1m[34mSELECT pg_advisory_unlock(4569563466244943775)[0m
  ↳ /Users/metelskyi/.rvm/gems/ruby-2.5.3/bin/rake:23
  [1m[35m (0.4ms)[0m  [1m[34mSELECT "schema_migrations"."version" FROM "schema_migrations" ORDER BY "schema_migrations"."version" ASC[0m
  ↳ /Users/metelskyi/.rvm/gems/ruby-2.5.3/bin/rake:23
  [1m[35m (1.3ms)[0m  [1m[34mSELECT "schema_migrations"."version" FROM "schema_migrations" ORDER BY "schema_migrations"."version" ASC[0m
  ↳ /Users/metelskyi/.rvm/gems/ruby-2.5.3/bin/rake:23
  [1m[35m (0.2ms)[0m  [1m[35mBEGIN[0m
  ↳ db/seeds.rb:10
  [1m[36mUser Create (1.4ms)[0m  [1m[32mINSERT INTO "users" ("name", "created_at", "updated_at") VALUES ($1, $2, $3) RETURNING "id"[0m  [["name", "Artem"], ["created_at", "2019-03-04 15:22:15.786388"], ["updated_at", "2019-03-04 15:22:15.786388"]]
  ↳ db/seeds.rb:10
  [1m[35m (38.6ms)[0m  [1m[35mCOMMIT[0m
  ↳ db/seeds.rb:10
  [1m[35m (0.2ms)[0m  [1m[35mBEGIN[0m
  ↳ db/seeds.rb:10
  [1m[36mUser Create (0.4ms)[0m  [1m[32mINSERT INTO "users" ("name", "created_at", "updated_at") VALUES ($1, $2, $3) RETURNING "id"[0m  [["name", "Ross"], ["created_at", "2019-03-04 15:22:15.829204"], ["updated_at", "2019-03-04 15:22:15.829204"]]
  ↳ db/seeds.rb:10
  [1m[35m (0.4ms)[0m  [1m[35mCOMMIT[0m
  ↳ db/seeds.rb:10
  [1m[35m (0.2ms)[0m  [1m[35mBEGIN[0m
  ↳ db/seeds.rb:10
  [1m[36mUser Create (0.3ms)[0m  [1m[32mINSERT INTO "users" ("name", "created_at", "updated_at") VALUES ($1, $2, $3) RETURNING "id"[0m  [["name", "Matthew"], ["created_at", "2019-03-04 15:22:15.832019"], ["updated_at", "2019-03-04 15:22:15.832019"]]
  ↳ db/seeds.rb:10
  [1m[35m (0.4ms)[0m  [1m[35mCOMMIT[0m
  ↳ db/seeds.rb:10
  [1m[35m (0.1ms)[0m  [1m[35mBEGIN[0m
  ↳ db/seeds.rb:10
  [1m[36mUser Create (0.4ms)[0m  [1m[32mINSERT INTO "users" ("name", "created_at", "updated_at") VALUES ($1, $2, $3) RETURNING "id"[0m  [["name", "Chine"], ["created_at", "2019-03-04 15:22:15.834616"], ["updated_at", "2019-03-04 15:22:15.834616"]]
  ↳ db/seeds.rb:10
  [1m[35m (0.5ms)[0m  [1m[35mCOMMIT[0m
  ↳ db/seeds.rb:10
  [1m[35m (0.4ms)[0m  [1m[35mBEGIN[0m
  ↳ db/seeds.rb:17
  [1m[36mHero Create (15.4ms)[0m  [1m[32mINSERT INTO "heros" ("name", "created_at", "updated_at") VALUES ($1, $2, $3) RETURNING "id"[0m  [["name", "Earthshaker"], ["created_at", "2019-03-04 15:22:15.860692"], ["updated_at", "2019-03-04 15:22:15.860692"]]
  ↳ db/seeds.rb:17
  [1m[35m (0.3ms)[0m  [1m[35mCOMMIT[0m
  ↳ db/seeds.rb:17
  [1m[35m (0.2ms)[0m  [1m[35mBEGIN[0m
  ↳ db/seeds.rb:17
  [1m[36mHero Create (0.4ms)[0m  [1m[32mINSERT INTO "heros" ("name", "created_at", "updated_at") VALUES ($1, $2, $3) RETURNING "id"[0m  [["name", "Enchantress"], ["created_at", "2019-03-04 15:22:15.878612"], ["updated_at", "2019-03-04 15:22:15.878612"]]
  ↳ db/seeds.rb:17
  [1m[35m (0.4ms)[0m  [1m[35mCOMMIT[0m
  ↳ db/seeds.rb:17
  [1m[35m (0.1ms)[0m  [1m[35mBEGIN[0m
  ↳ db/seeds.rb:17
  [1m[36mHero Create (0.5ms)[0m  [1m[32mINSERT INTO "heros" ("name", "created_at", "updated_at") VALUES ($1, $2, $3) RETURNING "id"[0m  [["name", "Drow Ranger"], ["created_at", "2019-03-04 15:22:15.881086"], ["updated_at", "2019-03-04 15:22:15.881086"]]
  ↳ db/seeds.rb:17
  [1m[35m (0.3ms)[0m  [1m[35mCOMMIT[0m
  ↳ db/seeds.rb:17
  [1m[35m (0.1ms)[0m  [1m[35mBEGIN[0m
  ↳ db/seeds.rb:17
  [1m[36mHero Create (0.5ms)[0m  [1m[32mINSERT INTO "heros" ("name", "created_at", "updated_at") VALUES ($1, $2, $3) RETURNING "id"[0m  [["name", "Templar Assassin"], ["created_at", "2019-03-04 15:22:15.883901"], ["updated_at", "2019-03-04 15:22:15.883901"]]
  ↳ db/seeds.rb:17
  [1m[35m (0.3ms)[0m  [1m[35mCOMMIT[0m
  ↳ db/seeds.rb:17
  [1m[35m (0.2ms)[0m  [1m[35mBEGIN[0m
  ↳ db/seeds.rb:24
  [1m[35m (0.3ms)[0m  [1m[31mROLLBACK[0m
  ↳ db/seeds.rb:24
  [1m[36mUser Load (1.8ms)[0m  [1m[34mSELECT  "users".* FROM "users" LIMIT $1[0m  [["LIMIT", 11]]
  [1m[36mMatch Load (3.5ms)[0m  [1m[34mSELECT  "matches".* FROM "matches" LIMIT $1[0m  [["LIMIT", 11]]
  [1m[36mHero Load (1.1ms)[0m  [1m[34mSELECT  "heros".* FROM "heros" LIMIT $1[0m  [["LIMIT", 11]]
  [1m[36mMatch Load (0.6ms)[0m  [1m[34mSELECT  "matches".* FROM "matches" LIMIT $1[0m  [["LIMIT", 11]]
  [1m[36mHero Load (1.5ms)[0m  [1m[34mSELECT  "heros".* FROM "heros" LIMIT $1[0m  [["LIMIT", 11]]
  [1m[36mHero Load (0.6ms)[0m  [1m[34mSELECT  "heros".* FROM "heros" LIMIT $1[0m  [["LIMIT", 11]]
  [1m[36mMatch Load (0.4ms)[0m  [1m[34mSELECT  "matches".* FROM "matches" LIMIT $1[0m  [["LIMIT", 11]]
  [1m[36mHero Load (0.5ms)[0m  [1m[34mSELECT  "heros".* FROM "heros" LIMIT $1[0m  [["LIMIT", 11]]
  [1m[35m (0.3ms)[0m  [1m[34mSELECT pg_try_advisory_lock(4569563466244943775)[0m
  ↳ bin/rails:9
  [1m[35m (3.1ms)[0m  [1m[34mSELECT "schema_migrations"."version" FROM "schema_migrations" ORDER BY "schema_migrations"."version" ASC[0m
  ↳ bin/rails:9
Migrating to RemoveColumnUserIdFromHeros (20190304152607)
  [1m[35m (0.3ms)[0m  [1m[35mBEGIN[0m
  ↳ bin/rails:9
  [1m[35m (47.1ms)[0m  [1m[35mALTER TABLE "heros" DROP COLUMN "user_id"[0m
  ↳ db/migrate/20190304152607_remove_column_user_id_from_heros.rb:3
  [1m[36mActiveRecord::SchemaMigration Create (1.3ms)[0m  [1m[32mINSERT INTO "schema_migrations" ("version") VALUES ($1) RETURNING "version"[0m  [["version", "20190304152607"]]
  ↳ bin/rails:9
  [1m[35m (3.0ms)[0m  [1m[35mCOMMIT[0m
  ↳ bin/rails:9
  [1m[36mActiveRecord::InternalMetadata Load (0.5ms)[0m  [1m[34mSELECT  "ar_internal_metadata".* FROM "ar_internal_metadata" WHERE "ar_internal_metadata"."key" = $1 LIMIT $2[0m  [["key", "environment"], ["LIMIT", 1]]
  ↳ bin/rails:9
  [1m[35m (0.4ms)[0m  [1m[35mBEGIN[0m
  ↳ bin/rails:9
  [1m[35m (0.6ms)[0m  [1m[35mCOMMIT[0m
  ↳ bin/rails:9
  [1m[35m (1.4ms)[0m  [1m[34mSELECT pg_advisory_unlock(4569563466244943775)[0m
  ↳ bin/rails:9
  [1m[35m (0.4ms)[0m  [1m[34mSELECT "schema_migrations"."version" FROM "schema_migrations" ORDER BY "schema_migrations"."version" ASC[0m
  ↳ bin/rails:9
DEPRECATION WARNING: Passing the environment's name as a regular argument is deprecated and will be removed in the next Rails version. Please, use the -e option instead. (called from <main> at /Users/metelskyi/Development/code/mod3/project/my_stats/bin/rails:9)
  [1m[35m (0.2ms)[0m  [1m[35mBEGIN[0m
  [1m[35m (0.2ms)[0m  [1m[31mROLLBACK[0m
  [1m[36mMatch Load (1.6ms)[0m  [1m[34mSELECT  "matches".* FROM "matches" LIMIT $1[0m  [["LIMIT", 11]]
  [1m[35m (0.4ms)[0m  [1m[35mBEGIN[0m
  [1m[35m (0.4ms)[0m  [1m[31mROLLBACK[0m
  [1m[35m (0.5ms)[0m  [1m[35mBEGIN[0m
  [1m[35m (0.8ms)[0m  [1m[31mROLLBACK[0m
  [1m[35m (0.3ms)[0m  [1m[35mBEGIN[0m
  [1m[35m (1.6ms)[0m  [1m[31mROLLBACK[0m
  [1m[35m (1.4ms)[0m  [1m[34mSELECT "schema_migrations"."version" FROM "schema_migrations" ORDER BY "schema_migrations"."version" ASC[0m
  ↳ /Users/metelskyi/.rvm/gems/ruby-2.5.3/bin/rake:23
  [1m[35m (0.2ms)[0m  [1m[35mBEGIN[0m
  ↳ db/seeds.rb:10
  [1m[36mUser Create (1.1ms)[0m  [1m[32mINSERT INTO "users" ("name", "created_at", "updated_at") VALUES ($1, $2, $3) RETURNING "id"[0m  [["name", "Artem"], ["created_at", "2019-03-04 15:32:52.501994"], ["updated_at", "2019-03-04 15:32:52.501994"]]
  ↳ db/seeds.rb:10
  [1m[35m (39.6ms)[0m  [1m[35mCOMMIT[0m
  ↳ db/seeds.rb:10
  [1m[35m (0.1ms)[0m  [1m[35mBEGIN[0m
  ↳ db/seeds.rb:10
  [1m[36mUser Create (0.4ms)[0m  [1m[32mINSERT INTO "users" ("name", "created_at", "updated_at") VALUES ($1, $2, $3) RETURNING "id"[0m  [["name", "Ross"], ["created_at", "2019-03-04 15:32:52.544971"], ["updated_at", "2019-03-04 15:32:52.544971"]]
  ↳ db/seeds.rb:10
  [1m[35m (1.1ms)[0m  [1m[35mCOMMIT[0m
  ↳ db/seeds.rb:10
  [1m[35m (0.1ms)[0m  [1m[35mBEGIN[0m
  ↳ db/seeds.rb:10
  [1m[36mUser Create (0.4ms)[0m  [1m[32mINSERT INTO "users" ("name", "created_at", "updated_at") VALUES ($1, $2, $3) RETURNING "id"[0m  [["name", "Matthew"], ["created_at", "2019-03-04 15:32:52.548385"], ["updated_at", "2019-03-04 15:32:52.548385"]]
  ↳ db/seeds.rb:10
  [1m[35m (0.3ms)[0m  [1m[35mCOMMIT[0m
  ↳ db/seeds.rb:10
  [1m[35m (0.1ms)[0m  [1m[35mBEGIN[0m
  ↳ db/seeds.rb:10
  [1m[36mUser Create (0.4ms)[0m  [1m[32mINSERT INTO "users" ("name", "created_at", "updated_at") VALUES ($1, $2, $3) RETURNING "id"[0m  [["name", "Chine"], ["created_at", "2019-03-04 15:32:52.550984"], ["updated_at", "2019-03-04 15:32:52.550984"]]
  ↳ db/seeds.rb:10
  [1m[35m (0.3ms)[0m  [1m[35mCOMMIT[0m
  ↳ db/seeds.rb:10
  [1m[35m (0.2ms)[0m  [1m[35mBEGIN[0m
  ↳ db/seeds.rb:17
  [1m[36mHero Create (0.7ms)[0m  [1m[32mINSERT INTO "heros" ("name", "created_at", "updated_at") VALUES ($1, $2, $3) RETURNING "id"[0m  [["name", "Earthshaker"], ["created_at", "2019-03-04 15:32:52.566049"], ["updated_at", "2019-03-04 15:32:52.566049"]]
  ↳ db/seeds.rb:17
  [1m[35m (39.5ms)[0m  [1m[35mCOMMIT[0m
  ↳ db/seeds.rb:17
  [1m[35m (0.2ms)[0m  [1m[35mBEGIN[0m
  ↳ db/seeds.rb:17
  [1m[36mHero Create (0.5ms)[0m  [1m[32mINSERT INTO "heros" ("name", "created_at", "updated_at") VALUES ($1, $2, $3) RETURNING "id"[0m  [["name", "Enchantress"], ["created_at", "2019-03-04 15:32:52.608152"], ["updated_at", "2019-03-04 15:32:52.608152"]]
  ↳ db/seeds.rb:17
  [1m[35m (1.0ms)[0m  [1m[35mCOMMIT[0m
  ↳ db/seeds.rb:17
  [1m[35m (0.1ms)[0m  [1m[35mBEGIN[0m
  ↳ db/seeds.rb:17
  [1m[36mHero Create (0.3ms)[0m  [1m[32mINSERT INTO "heros" ("name", "created_at", "updated_at") VALUES ($1, $2, $3) RETURNING "id"[0m  [["name", "Drow Ranger"], ["created_at", "2019-03-04 15:32:52.611495"], ["updated_at", "2019-03-04 15:32:52.611495"]]
  ↳ db/seeds.rb:17
  [1m[35m (0.5ms)[0m  [1m[35mCOMMIT[0m
  ↳ db/seeds.rb:17
  [1m[35m (0.1ms)[0m  [1m[35mBEGIN[0m
  ↳ db/seeds.rb:17
  [1m[36mHero Create (0.5ms)[0m  [1m[32mINSERT INTO "heros" ("name", "created_at", "updated_at") VALUES ($1, $2, $3) RETURNING "id"[0m  [["name", "Templar Assassin"], ["created_at", "2019-03-04 15:32:52.614212"], ["updated_at", "2019-03-04 15:32:52.614212"]]
  ↳ db/seeds.rb:17
  [1m[35m (0.5ms)[0m  [1m[35mCOMMIT[0m
  ↳ db/seeds.rb:17
  [1m[35m (0.2ms)[0m  [1m[35mBEGIN[0m
  ↳ db/seeds.rb:24
  [1m[35m (0.2ms)[0m  [1m[31mROLLBACK[0m
  ↳ db/seeds.rb:24
  [1m[36mUser Load (2.5ms)[0m  [1m[34mSELECT  "users".* FROM "users" LIMIT $1[0m  [["LIMIT", 11]]
  [1m[36mMatch Load (2.2ms)[0m  [1m[34mSELECT  "matches".* FROM "matches" LIMIT $1[0m  [["LIMIT", 11]]
  [1m[35m (0.1ms)[0m  [1m[35mBEGIN[0m
  ↳ bin/rails:9
  [1m[35m (1.0ms)[0m  [1m[31mROLLBACK[0m
  [1m[35m (0.3ms)[0m  [1m[35mBEGIN[0m
  ↳ bin/rails:9
  [1m[35m (1.4ms)[0m  [1m[35mSAVEPOINT active_record_1[0m
  [1m[35m (40.4ms)[0m  [1m[31mROLLBACK TO SAVEPOINT active_record_1[0m
  [1m[36mUser Load (1.6ms)[0m  [1m[34mSELECT  "users".* FROM "users" LIMIT $1[0m  [["LIMIT", 11]]
  [1m[36mHero Load (2.1ms)[0m  [1m[34mSELECT  "heros".* FROM "heros" LIMIT $1[0m  [["LIMIT", 11]]
  [1m[36mMatch Load (2.2ms)[0m  [1m[34mSELECT  "matches".* FROM "matches" LIMIT $1[0m  [["LIMIT", 11]]
  [1m[35m (0.3ms)[0m  [1m[35mSAVEPOINT active_record_1[0m
  [1m[35m (0.2ms)[0m  [1m[31mROLLBACK TO SAVEPOINT active_record_1[0m
  [1m[36mHero Load (0.7ms)[0m  [1m[34mSELECT  "heros".* FROM "heros" LIMIT $1[0m  [["LIMIT", 11]]
  [1m[35m (2.4ms)[0m  [1m[31mROLLBACK[0m
  [1m[35m (0.2ms)[0m  [1m[35mBEGIN[0m
  ↳ bin/rails:9
  [1m[35m (1.5ms)[0m  [1m[35mSAVEPOINT active_record_1[0m
  [1m[36mHero Load (0.9ms)[0m  [1m[34mSELECT  "heros".* FROM "heros" WHERE "heros"."id" = $1 LIMIT $2[0m  [["id", 3], ["LIMIT", 1]]
  [1m[36mHero Load (0.9ms)[0m  [1m[34mSELECT  "heros".* FROM "heros" WHERE "heros"."id" = $1 LIMIT $2[0m  [["id", 2], ["LIMIT", 1]]
  [1m[36mHero Load (0.5ms)[0m  [1m[34mSELECT  "heros".* FROM "heros" WHERE "heros"."id" = $1 LIMIT $2[0m  [["id", 4], ["LIMIT", 1]]
  [1m[36mHero Load (0.4ms)[0m  [1m[34mSELECT  "heros".* FROM "heros" WHERE "heros"."id" = $1 LIMIT $2[0m  [["id", 3], ["LIMIT", 1]]
  [1m[36mUser Load (1.1ms)[0m  [1m[34mSELECT  "users".* FROM "users" WHERE "users"."id" = $1 LIMIT $2[0m  [["id", 2], ["LIMIT", 1]]
  [1m[36mUser Load (0.4ms)[0m  [1m[34mSELECT  "users".* FROM "users" WHERE "users"."id" = $1 LIMIT $2[0m  [["id", 1], ["LIMIT", 1]]
  [1m[36mUser Load (1.5ms)[0m  [1m[34mSELECT  "users".* FROM "users" WHERE "users"."id" = $1 LIMIT $2[0m  [["id", 3], ["LIMIT", 1]]
  [1m[36mUser Load (2.1ms)[0m  [1m[34mSELECT  "users".* FROM "users" WHERE "users"."id" = $1 LIMIT $2[0m  [["id", 4], ["LIMIT", 1]]
  [1m[36mMatch Create (20.1ms)[0m  [1m[32mINSERT INTO "matches" ("user1_id", "user2_id", "user3_id", "user4_id", "hero1_id", "hero2_id", "hero3_id", "hero4_id", "created_at", "updated_at") VALUES ($1, $2, $3, $4, $5, $6, $7, $8, $9, $10) RETURNING "id"[0m  [["user1_id", 2], ["user2_id", 1], ["user3_id", 3], ["user4_id", 4], ["hero1_id", 3], ["hero2_id", 2], ["hero3_id", 4], ["hero4_id", 3], ["created_at", "2019-03-04 15:47:29.173184"], ["updated_at", "2019-03-04 15:47:29.173184"]]
  [1m[35m (0.2ms)[0m  [1m[35mRELEASE SAVEPOINT active_record_1[0m
  [1m[36mUser Load (1.8ms)[0m  [1m[34mSELECT  "users".* FROM "users" WHERE "users"."name" = $1 LIMIT $2[0m  [["name", "Ross"], ["LIMIT", 1]]
  [1m[35m (0.8ms)[0m  [1m[31mROLLBACK[0m
  [1m[35m (1.4ms)[0m  [1m[34mSELECT "schema_migrations"."version" FROM "schema_migrations" ORDER BY "schema_migrations"."version" ASC[0m
  ↳ /Users/metelskyi/.rvm/gems/ruby-2.5.3/bin/rake:23
  [1m[35m (0.6ms)[0m  [1m[34mSELECT "ar_internal_metadata"."value" FROM "ar_internal_metadata" WHERE "ar_internal_metadata"."key" = $1[0m  [["key", "environment"]]
  ↳ /Users/metelskyi/.rvm/gems/ruby-2.5.3/bin/rake:23
  [1m[35m (0.3ms)[0m  [1m[34mSELECT "schema_migrations"."version" FROM "schema_migrations" ORDER BY "schema_migrations"."version" ASC[0m
  ↳ /Users/metelskyi/.rvm/gems/ruby-2.5.3/bin/rake:23
  [1m[35m (0.3ms)[0m  [1m[34mSELECT "ar_internal_metadata"."value" FROM "ar_internal_metadata" WHERE "ar_internal_metadata"."key" = $1[0m  [["key", "environment"]]
  ↳ /Users/metelskyi/.rvm/gems/ruby-2.5.3/bin/rake:23
  [1m[35m (0.3ms)[0m  [1m[34mSELECT "schema_migrations"."version" FROM "schema_migrations" ORDER BY "schema_migrations"."version" ASC[0m
  ↳ /Users/metelskyi/.rvm/gems/ruby-2.5.3/bin/rake:23
  [1m[35m (0.3ms)[0m  [1m[34mSELECT "ar_internal_metadata"."value" FROM "ar_internal_metadata" WHERE "ar_internal_metadata"."key" = $1[0m  [["key", "environment"]]
  ↳ /Users/metelskyi/.rvm/gems/ruby-2.5.3/bin/rake:23
  [1m[35m (264.1ms)[0m  [1m[35mDROP DATABASE IF EXISTS "my_stats_development"[0m
  ↳ /Users/metelskyi/.rvm/gems/ruby-2.5.3/bin/rake:23
  [1m[35m (200.2ms)[0m  [1m[35mDROP DATABASE IF EXISTS "my_stats_test"[0m
  ↳ /Users/metelskyi/.rvm/gems/ruby-2.5.3/bin/rake:23
  [1m[35m (590.0ms)[0m  [1m[35mCREATE DATABASE "my_stats_development" ENCODING = 'unicode'[0m
  ↳ /Users/metelskyi/.rvm/gems/ruby-2.5.3/bin/rake:23
  [1m[35m (436.3ms)[0m  [1m[35mCREATE DATABASE "my_stats_test" ENCODING = 'unicode'[0m
  ↳ /Users/metelskyi/.rvm/gems/ruby-2.5.3/bin/rake:23
  [1m[35m (8.7ms)[0m  [1m[35mCREATE TABLE "schema_migrations" ("version" character varying NOT NULL PRIMARY KEY)[0m
  ↳ /Users/metelskyi/.rvm/gems/ruby-2.5.3/bin/rake:23
  [1m[35m (4.8ms)[0m  [1m[35mCREATE TABLE "ar_internal_metadata" ("key" character varying NOT NULL PRIMARY KEY, "value" character varying, "created_at" timestamp NOT NULL, "updated_at" timestamp NOT NULL)[0m
  ↳ /Users/metelskyi/.rvm/gems/ruby-2.5.3/bin/rake:23
  [1m[35m (0.4ms)[0m  [1m[34mSELECT pg_try_advisory_lock(4569563466244943775)[0m
  ↳ /Users/metelskyi/.rvm/gems/ruby-2.5.3/bin/rake:23
  [1m[35m (1.0ms)[0m  [1m[34mSELECT "schema_migrations"."version" FROM "schema_migrations" ORDER BY "schema_migrations"."version" ASC[0m
  ↳ /Users/metelskyi/.rvm/gems/ruby-2.5.3/bin/rake:23
Migrating to CreateUsers (20190304144025)
  [1m[35m (0.2ms)[0m  [1m[35mBEGIN[0m
  ↳ /Users/metelskyi/.rvm/gems/ruby-2.5.3/bin/rake:23
  [1m[35m (47.7ms)[0m  [1m[35mCREATE TABLE "users" ("id" bigserial primary key, "name" character varying, "created_at" timestamp NOT NULL, "updated_at" timestamp NOT NULL)[0m
  ↳ db/migrate/20190304144025_create_users.rb:3
  [1m[36mActiveRecord::SchemaMigration Create (0.6ms)[0m  [1m[32mINSERT INTO "schema_migrations" ("version") VALUES ($1) RETURNING "version"[0m  [["version", "20190304144025"]]
  ↳ /Users/metelskyi/.rvm/gems/ruby-2.5.3/bin/rake:23
  [1m[35m (0.5ms)[0m  [1m[35mCOMMIT[0m
  ↳ /Users/metelskyi/.rvm/gems/ruby-2.5.3/bin/rake:23
Migrating to CreateMatches (20190304144031)
  [1m[35m (40.5ms)[0m  [1m[35mBEGIN[0m
  ↳ /Users/metelskyi/.rvm/gems/ruby-2.5.3/bin/rake:23
  [1m[35m (239.2ms)[0m  [1m[35mCREATE TABLE "matches" ("id" bigserial primary key, "user1_id" integer, "user2_id" integer, "user3_id" integer, "user4_id" integer, "hero1_id" integer, "hero2_id" integer, "hero3_id" integer, "hero4_id" integer, "created_at" timestamp NOT NULL, "updated_at" timestamp NOT NULL)[0m
  ↳ db/migrate/20190304144031_create_matches.rb:3
  [1m[36mActiveRecord::SchemaMigration Create (0.4ms)[0m  [1m[32mINSERT INTO "schema_migrations" ("version") VALUES ($1) RETURNING "version"[0m  [["version", "20190304144031"]]
  ↳ /Users/metelskyi/.rvm/gems/ruby-2.5.3/bin/rake:23
  [1m[35m (0.4ms)[0m  [1m[35mCOMMIT[0m
  ↳ /Users/metelskyi/.rvm/gems/ruby-2.5.3/bin/rake:23
Migrating to CreateHeros (20190304144108)
  [1m[35m (36.6ms)[0m  [1m[35mBEGIN[0m
  ↳ /Users/metelskyi/.rvm/gems/ruby-2.5.3/bin/rake:23
  [1m[35m (9.5ms)[0m  [1m[35mCREATE TABLE "heros" ("id" bigserial primary key, "name" character varying, "user_id" integer, "created_at" timestamp NOT NULL, "updated_at" timestamp NOT NULL)[0m
  ↳ db/migrate/20190304144108_create_heros.rb:3
  [1m[36mActiveRecord::SchemaMigration Create (0.4ms)[0m  [1m[32mINSERT INTO "schema_migrations" ("version") VALUES ($1) RETURNING "version"[0m  [["version", "20190304144108"]]
  ↳ /Users/metelskyi/.rvm/gems/ruby-2.5.3/bin/rake:23
  [1m[35m (2.3ms)[0m  [1m[35mCOMMIT[0m
  ↳ /Users/metelskyi/.rvm/gems/ruby-2.5.3/bin/rake:23
Migrating to RemoveColumnUserIdFromHeros (20190304152607)
  [1m[35m (24.3ms)[0m  [1m[35mBEGIN[0m
  ↳ /Users/metelskyi/.rvm/gems/ruby-2.5.3/bin/rake:23
  [1m[35m (1.0ms)[0m  [1m[35mALTER TABLE "heros" DROP COLUMN "user_id"[0m
  ↳ db/migrate/20190304152607_remove_column_user_id_from_heros.rb:3
  [1m[36mActiveRecord::SchemaMigration Create (1.3ms)[0m  [1m[32mINSERT INTO "schema_migrations" ("version") VALUES ($1) RETURNING "version"[0m  [["version", "20190304152607"]]
  ↳ /Users/metelskyi/.rvm/gems/ruby-2.5.3/bin/rake:23
  [1m[35m (2.0ms)[0m  [1m[35mCOMMIT[0m
  ↳ /Users/metelskyi/.rvm/gems/ruby-2.5.3/bin/rake:23
  [1m[36mActiveRecord::InternalMetadata Load (0.8ms)[0m  [1m[34mSELECT  "ar_internal_metadata".* FROM "ar_internal_metadata" WHERE "ar_internal_metadata"."key" = $1 LIMIT $2[0m  [["key", "environment"], ["LIMIT", 1]]
  ↳ /Users/metelskyi/.rvm/gems/ruby-2.5.3/bin/rake:23
  [1m[35m (0.9ms)[0m  [1m[35mBEGIN[0m
  ↳ /Users/metelskyi/.rvm/gems/ruby-2.5.3/bin/rake:23
  [1m[36mActiveRecord::InternalMetadata Create (0.9ms)[0m  [1m[32mINSERT INTO "ar_internal_metadata" ("key", "value", "created_at", "updated_at") VALUES ($1, $2, $3, $4) RETURNING "key"[0m  [["key", "environment"], ["value", "development"], ["created_at", "2019-03-04 16:00:44.156670"], ["updated_at", "2019-03-04 16:00:44.156670"]]
  ↳ /Users/metelskyi/.rvm/gems/ruby-2.5.3/bin/rake:23
  [1m[35m (0.4ms)[0m  [1m[35mCOMMIT[0m
  ↳ /Users/metelskyi/.rvm/gems/ruby-2.5.3/bin/rake:23
  [1m[35m (0.4ms)[0m  [1m[34mSELECT pg_advisory_unlock(4569563466244943775)[0m
  ↳ /Users/metelskyi/.rvm/gems/ruby-2.5.3/bin/rake:23
  [1m[35m (0.4ms)[0m  [1m[34mSELECT "schema_migrations"."version" FROM "schema_migrations" ORDER BY "schema_migrations"."version" ASC[0m
  ↳ /Users/metelskyi/.rvm/gems/ruby-2.5.3/bin/rake:23
  [1m[35m (1.4ms)[0m  [1m[34mSELECT "schema_migrations"."version" FROM "schema_migrations" ORDER BY "schema_migrations"."version" ASC[0m
  ↳ /Users/metelskyi/.rvm/gems/ruby-2.5.3/bin/rake:23
  [1m[35m (0.6ms)[0m  [1m[34mSELECT "ar_internal_metadata"."value" FROM "ar_internal_metadata" WHERE "ar_internal_metadata"."key" = $1[0m  [["key", "environment"]]
  ↳ /Users/metelskyi/.rvm/gems/ruby-2.5.3/bin/rake:23
  [1m[35m (0.3ms)[0m  [1m[34mSELECT "schema_migrations"."version" FROM "schema_migrations" ORDER BY "schema_migrations"."version" ASC[0m
  ↳ /Users/metelskyi/.rvm/gems/ruby-2.5.3/bin/rake:23
  [1m[35m (0.3ms)[0m  [1m[34mSELECT "ar_internal_metadata"."value" FROM "ar_internal_metadata" WHERE "ar_internal_metadata"."key" = $1[0m  [["key", "environment"]]
  ↳ /Users/metelskyi/.rvm/gems/ruby-2.5.3/bin/rake:23
  [1m[35m (0.4ms)[0m  [1m[34mSELECT "schema_migrations"."version" FROM "schema_migrations" ORDER BY "schema_migrations"."version" ASC[0m
  ↳ /Users/metelskyi/.rvm/gems/ruby-2.5.3/bin/rake:23
  [1m[35m (0.3ms)[0m  [1m[34mSELECT "ar_internal_metadata"."value" FROM "ar_internal_metadata" WHERE "ar_internal_metadata"."key" = $1[0m  [["key", "environment"]]
  ↳ /Users/metelskyi/.rvm/gems/ruby-2.5.3/bin/rake:23
  [1m[35m (217.8ms)[0m  [1m[35mDROP DATABASE IF EXISTS "my_stats_development"[0m
  ↳ /Users/metelskyi/.rvm/gems/ruby-2.5.3/bin/rake:23
  [1m[35m (207.2ms)[0m  [1m[35mDROP DATABASE IF EXISTS "my_stats_test"[0m
  ↳ /Users/metelskyi/.rvm/gems/ruby-2.5.3/bin/rake:23
  [1m[35m (539.1ms)[0m  [1m[35mCREATE DATABASE "my_stats_development" ENCODING = 'unicode'[0m
  ↳ /Users/metelskyi/.rvm/gems/ruby-2.5.3/bin/rake:23
  [1m[35m (453.2ms)[0m  [1m[35mCREATE DATABASE "my_stats_test" ENCODING = 'unicode'[0m
  ↳ /Users/metelskyi/.rvm/gems/ruby-2.5.3/bin/rake:23
  [1m[35m (49.1ms)[0m  [1m[35mCREATE TABLE "schema_migrations" ("version" character varying NOT NULL PRIMARY KEY)[0m
  ↳ /Users/metelskyi/.rvm/gems/ruby-2.5.3/bin/rake:23
  [1m[35m (45.2ms)[0m  [1m[35mCREATE TABLE "ar_internal_metadata" ("key" character varying NOT NULL PRIMARY KEY, "value" character varying, "created_at" timestamp NOT NULL, "updated_at" timestamp NOT NULL)[0m
  ↳ /Users/metelskyi/.rvm/gems/ruby-2.5.3/bin/rake:23
  [1m[35m (0.3ms)[0m  [1m[34mSELECT pg_try_advisory_lock(4569563466244943775)[0m
  ↳ /Users/metelskyi/.rvm/gems/ruby-2.5.3/bin/rake:23
  [1m[35m (1.1ms)[0m  [1m[34mSELECT "schema_migrations"."version" FROM "schema_migrations" ORDER BY "schema_migrations"."version" ASC[0m
  ↳ /Users/metelskyi/.rvm/gems/ruby-2.5.3/bin/rake:23
Migrating to CreateUsers (20190304144025)
  [1m[35m (0.2ms)[0m  [1m[35mBEGIN[0m
  ↳ /Users/metelskyi/.rvm/gems/ruby-2.5.3/bin/rake:23
  [1m[35m (47.4ms)[0m  [1m[35mCREATE TABLE "users" ("id" bigserial primary key, "name" character varying, "created_at" timestamp NOT NULL, "updated_at" timestamp NOT NULL)[0m
  ↳ db/migrate/20190304144025_create_users.rb:3
  [1m[36mActiveRecord::SchemaMigration Create (0.7ms)[0m  [1m[32mINSERT INTO "schema_migrations" ("version") VALUES ($1) RETURNING "version"[0m  [["version", "20190304144025"]]
  ↳ /Users/metelskyi/.rvm/gems/ruby-2.5.3/bin/rake:23
  [1m[35m (0.5ms)[0m  [1m[35mCOMMIT[0m
  ↳ /Users/metelskyi/.rvm/gems/ruby-2.5.3/bin/rake:23
Migrating to CreateMatches (20190304144031)
  [1m[35m (43.6ms)[0m  [1m[35mBEGIN[0m
  ↳ /Users/metelskyi/.rvm/gems/ruby-2.5.3/bin/rake:23
  [1m[35m (4.9ms)[0m  [1m[35mCREATE TABLE "matches" ("id" bigserial primary key, "user_id" integer, "hero_id" integer, "created_at" timestamp NOT NULL, "updated_at" timestamp NOT NULL)[0m
  ↳ db/migrate/20190304144031_create_matches.rb:3
  [1m[36mActiveRecord::SchemaMigration Create (0.5ms)[0m  [1m[32mINSERT INTO "schema_migrations" ("version") VALUES ($1) RETURNING "version"[0m  [["version", "20190304144031"]]
  ↳ /Users/metelskyi/.rvm/gems/ruby-2.5.3/bin/rake:23
  [1m[35m (0.4ms)[0m  [1m[35mCOMMIT[0m
  ↳ /Users/metelskyi/.rvm/gems/ruby-2.5.3/bin/rake:23
Migrating to CreateHeros (20190304160418)
  [1m[35m (39.5ms)[0m  [1m[35mBEGIN[0m
  ↳ /Users/metelskyi/.rvm/gems/ruby-2.5.3/bin/rake:23
  [1m[35m (4.4ms)[0m  [1m[35mCREATE TABLE "heroes" ("id" bigserial primary key, "name" character varying, "created_at" timestamp NOT NULL, "updated_at" timestamp NOT NULL)[0m
  ↳ db/migrate/20190304160418_create_heros.rb:3
  [1m[36mActiveRecord::SchemaMigration Create (0.4ms)[0m  [1m[32mINSERT INTO "schema_migrations" ("version") VALUES ($1) RETURNING "version"[0m  [["version", "20190304160418"]]
  ↳ /Users/metelskyi/.rvm/gems/ruby-2.5.3/bin/rake:23
  [1m[35m (0.4ms)[0m  [1m[35mCOMMIT[0m
  ↳ /Users/metelskyi/.rvm/gems/ruby-2.5.3/bin/rake:23
  [1m[36mActiveRecord::InternalMetadata Load (0.8ms)[0m  [1m[34mSELECT  "ar_internal_metadata".* FROM "ar_internal_metadata" WHERE "ar_internal_metadata"."key" = $1 LIMIT $2[0m  [["key", "environment"], ["LIMIT", 1]]
  ↳ /Users/metelskyi/.rvm/gems/ruby-2.5.3/bin/rake:23
  [1m[35m (0.2ms)[0m  [1m[35mBEGIN[0m
  ↳ /Users/metelskyi/.rvm/gems/ruby-2.5.3/bin/rake:23
  [1m[36mActiveRecord::InternalMetadata Create (0.8ms)[0m  [1m[32mINSERT INTO "ar_internal_metadata" ("key", "value", "created_at", "updated_at") VALUES ($1, $2, $3, $4) RETURNING "key"[0m  [["key", "environment"], ["value", "development"], ["created_at", "2019-03-04 16:05:37.299350"], ["updated_at", "2019-03-04 16:05:37.299350"]]
  ↳ /Users/metelskyi/.rvm/gems/ruby-2.5.3/bin/rake:23
  [1m[35m (40.2ms)[0m  [1m[35mCOMMIT[0m
  ↳ /Users/metelskyi/.rvm/gems/ruby-2.5.3/bin/rake:23
  [1m[35m (0.4ms)[0m  [1m[34mSELECT pg_advisory_unlock(4569563466244943775)[0m
  ↳ /Users/metelskyi/.rvm/gems/ruby-2.5.3/bin/rake:23
  [1m[35m (0.4ms)[0m  [1m[34mSELECT "schema_migrations"."version" FROM "schema_migrations" ORDER BY "schema_migrations"."version" ASC[0m
  ↳ /Users/metelskyi/.rvm/gems/ruby-2.5.3/bin/rake:23
  [1m[35m (1.1ms)[0m  [1m[34mSELECT "schema_migrations"."version" FROM "schema_migrations" ORDER BY "schema_migrations"."version" ASC[0m
  ↳ /Users/metelskyi/.rvm/gems/ruby-2.5.3/bin/rake:23
  [1m[35m (0.6ms)[0m  [1m[34mSELECT "ar_internal_metadata"."value" FROM "ar_internal_metadata" WHERE "ar_internal_metadata"."key" = $1[0m  [["key", "environment"]]
  ↳ /Users/metelskyi/.rvm/gems/ruby-2.5.3/bin/rake:23
  [1m[35m (0.4ms)[0m  [1m[34mSELECT "schema_migrations"."version" FROM "schema_migrations" ORDER BY "schema_migrations"."version" ASC[0m
  ↳ /Users/metelskyi/.rvm/gems/ruby-2.5.3/bin/rake:23
  [1m[35m (0.4ms)[0m  [1m[34mSELECT "ar_internal_metadata"."value" FROM "ar_internal_metadata" WHERE "ar_internal_metadata"."key" = $1[0m  [["key", "environment"]]
  ↳ /Users/metelskyi/.rvm/gems/ruby-2.5.3/bin/rake:23
  [1m[35m (0.7ms)[0m  [1m[34mSELECT "schema_migrations"."version" FROM "schema_migrations" ORDER BY "schema_migrations"."version" ASC[0m
  ↳ /Users/metelskyi/.rvm/gems/ruby-2.5.3/bin/rake:23
  [1m[35m (1.0ms)[0m  [1m[34mSELECT "ar_internal_metadata"."value" FROM "ar_internal_metadata" WHERE "ar_internal_metadata"."key" = $1[0m  [["key", "environment"]]
  ↳ /Users/metelskyi/.rvm/gems/ruby-2.5.3/bin/rake:23
  [1m[35m (225.5ms)[0m  [1m[35mDROP DATABASE IF EXISTS "my_stats_development"[0m
  ↳ /Users/metelskyi/.rvm/gems/ruby-2.5.3/bin/rake:23
  [1m[35m (211.5ms)[0m  [1m[35mDROP DATABASE IF EXISTS "my_stats_test"[0m
  ↳ /Users/metelskyi/.rvm/gems/ruby-2.5.3/bin/rake:23
  [1m[35m (538.8ms)[0m  [1m[35mCREATE DATABASE "my_stats_development" ENCODING = 'unicode'[0m
  ↳ /Users/metelskyi/.rvm/gems/ruby-2.5.3/bin/rake:23
  [1m[35m (448.8ms)[0m  [1m[35mCREATE DATABASE "my_stats_test" ENCODING = 'unicode'[0m
  ↳ /Users/metelskyi/.rvm/gems/ruby-2.5.3/bin/rake:23
  [1m[35m (11.4ms)[0m  [1m[35mCREATE TABLE "schema_migrations" ("version" character varying NOT NULL PRIMARY KEY)[0m
  ↳ /Users/metelskyi/.rvm/gems/ruby-2.5.3/bin/rake:23
  [1m[35m (5.6ms)[0m  [1m[35mCREATE TABLE "ar_internal_metadata" ("key" character varying NOT NULL PRIMARY KEY, "value" character varying, "created_at" timestamp NOT NULL, "updated_at" timestamp NOT NULL)[0m
  ↳ /Users/metelskyi/.rvm/gems/ruby-2.5.3/bin/rake:23
  [1m[35m (0.3ms)[0m  [1m[34mSELECT pg_try_advisory_lock(4569563466244943775)[0m
  ↳ /Users/metelskyi/.rvm/gems/ruby-2.5.3/bin/rake:23
  [1m[35m (1.0ms)[0m  [1m[34mSELECT "schema_migrations"."version" FROM "schema_migrations" ORDER BY "schema_migrations"."version" ASC[0m
  ↳ /Users/metelskyi/.rvm/gems/ruby-2.5.3/bin/rake:23
Migrating to CreateUsers (20190304144025)
  [1m[35m (0.2ms)[0m  [1m[35mBEGIN[0m
  ↳ /Users/metelskyi/.rvm/gems/ruby-2.5.3/bin/rake:23
  [1m[35m (46.8ms)[0m  [1m[35mCREATE TABLE "users" ("id" bigserial primary key, "name" character varying, "created_at" timestamp NOT NULL, "updated_at" timestamp NOT NULL)[0m
  ↳ db/migrate/20190304144025_create_users.rb:3
  [1m[36mActiveRecord::SchemaMigration Create (0.7ms)[0m  [1m[32mINSERT INTO "schema_migrations" ("version") VALUES ($1) RETURNING "version"[0m  [["version", "20190304144025"]]
  ↳ /Users/metelskyi/.rvm/gems/ruby-2.5.3/bin/rake:23
  [1m[35m (0.4ms)[0m  [1m[35mCOMMIT[0m
  ↳ /Users/metelskyi/.rvm/gems/ruby-2.5.3/bin/rake:23
Migrating to CreateMatches (20190304144031)
  [1m[35m (41.3ms)[0m  [1m[35mBEGIN[0m
  ↳ /Users/metelskyi/.rvm/gems/ruby-2.5.3/bin/rake:23
  [1m[35m (4.7ms)[0m  [1m[35mCREATE TABLE "matches" ("id" bigserial primary key, "user_id" integer, "hero_id" integer, "created_at" timestamp NOT NULL, "updated_at" timestamp NOT NULL)[0m
  ↳ db/migrate/20190304144031_create_matches.rb:3
  [1m[36mActiveRecord::SchemaMigration Create (0.5ms)[0m  [1m[32mINSERT INTO "schema_migrations" ("version") VALUES ($1) RETURNING "version"[0m  [["version", "20190304144031"]]
  ↳ /Users/metelskyi/.rvm/gems/ruby-2.5.3/bin/rake:23
  [1m[35m (0.4ms)[0m  [1m[35mCOMMIT[0m
  ↳ /Users/metelskyi/.rvm/gems/ruby-2.5.3/bin/rake:23
Migrating to CreateHeros (20190304160418)
  [1m[35m (41.7ms)[0m  [1m[35mBEGIN[0m
  ↳ /Users/metelskyi/.rvm/gems/ruby-2.5.3/bin/rake:23
  [1m[35m (8.4ms)[0m  [1m[35mCREATE TABLE "heroes" ("id" bigserial primary key, "name" character varying, "created_at" timestamp NOT NULL, "updated_at" timestamp NOT NULL)[0m
  ↳ db/migrate/20190304160418_create_heros.rb:3
  [1m[36mActiveRecord::SchemaMigration Create (0.4ms)[0m  [1m[32mINSERT INTO "schema_migrations" ("version") VALUES ($1) RETURNING "version"[0m  [["version", "20190304160418"]]
  ↳ /Users/metelskyi/.rvm/gems/ruby-2.5.3/bin/rake:23
  [1m[35m (0.6ms)[0m  [1m[35mCOMMIT[0m
  ↳ /Users/metelskyi/.rvm/gems/ruby-2.5.3/bin/rake:23
  [1m[36mActiveRecord::InternalMetadata Load (0.6ms)[0m  [1m[34mSELECT  "ar_internal_metadata".* FROM "ar_internal_metadata" WHERE "ar_internal_metadata"."key" = $1 LIMIT $2[0m  [["key", "environment"], ["LIMIT", 1]]
  ↳ /Users/metelskyi/.rvm/gems/ruby-2.5.3/bin/rake:23
  [1m[35m (0.2ms)[0m  [1m[35mBEGIN[0m
  ↳ /Users/metelskyi/.rvm/gems/ruby-2.5.3/bin/rake:23
  [1m[36mActiveRecord::InternalMetadata Create (0.8ms)[0m  [1m[32mINSERT INTO "ar_internal_metadata" ("key", "value", "created_at", "updated_at") VALUES ($1, $2, $3, $4) RETURNING "key"[0m  [["key", "environment"], ["value", "development"], ["created_at", "2019-03-04 16:07:10.417083"], ["updated_at", "2019-03-04 16:07:10.417083"]]
  ↳ /Users/metelskyi/.rvm/gems/ruby-2.5.3/bin/rake:23
  [1m[35m (0.5ms)[0m  [1m[35mCOMMIT[0m
  ↳ /Users/metelskyi/.rvm/gems/ruby-2.5.3/bin/rake:23
  [1m[35m (0.3ms)[0m  [1m[34mSELECT pg_advisory_unlock(4569563466244943775)[0m
  ↳ /Users/metelskyi/.rvm/gems/ruby-2.5.3/bin/rake:23
  [1m[35m (0.5ms)[0m  [1m[34mSELECT "schema_migrations"."version" FROM "schema_migrations" ORDER BY "schema_migrations"."version" ASC[0m
  ↳ /Users/metelskyi/.rvm/gems/ruby-2.5.3/bin/rake:23
  [1m[36mUser Load (2.1ms)[0m  [1m[34mSELECT  "users".* FROM "users" LIMIT $1[0m  [["LIMIT", 11]]
  [1m[35m (1.2ms)[0m  [1m[34mSELECT "schema_migrations"."version" FROM "schema_migrations" ORDER BY "schema_migrations"."version" ASC[0m
  ↳ /Users/metelskyi/.rvm/gems/ruby-2.5.3/bin/rake:23
  [1m[35m (0.7ms)[0m  [1m[34mSELECT "ar_internal_metadata"."value" FROM "ar_internal_metadata" WHERE "ar_internal_metadata"."key" = $1[0m  [["key", "environment"]]
  ↳ /Users/metelskyi/.rvm/gems/ruby-2.5.3/bin/rake:23
  [1m[35m (0.4ms)[0m  [1m[34mSELECT "schema_migrations"."version" FROM "schema_migrations" ORDER BY "schema_migrations"."version" ASC[0m
  ↳ /Users/metelskyi/.rvm/gems/ruby-2.5.3/bin/rake:23
  [1m[35m (0.3ms)[0m  [1m[34mSELECT "ar_internal_metadata"."value" FROM "ar_internal_metadata" WHERE "ar_internal_metadata"."key" = $1[0m  [["key", "environment"]]
  ↳ /Users/metelskyi/.rvm/gems/ruby-2.5.3/bin/rake:23
  [1m[35m (0.3ms)[0m  [1m[34mSELECT "schema_migrations"."version" FROM "schema_migrations" ORDER BY "schema_migrations"."version" ASC[0m
  ↳ /Users/metelskyi/.rvm/gems/ruby-2.5.3/bin/rake:23
  [1m[35m (0.3ms)[0m  [1m[34mSELECT "ar_internal_metadata"."value" FROM "ar_internal_metadata" WHERE "ar_internal_metadata"."key" = $1[0m  [["key", "environment"]]
  ↳ /Users/metelskyi/.rvm/gems/ruby-2.5.3/bin/rake:23
  [1m[35m (217.8ms)[0m  [1m[35mDROP DATABASE IF EXISTS "my_stats_development"[0m
  ↳ /Users/metelskyi/.rvm/gems/ruby-2.5.3/bin/rake:23
  [1m[35m (228.9ms)[0m  [1m[35mDROP DATABASE IF EXISTS "my_stats_test"[0m
  ↳ /Users/metelskyi/.rvm/gems/ruby-2.5.3/bin/rake:23
  [1m[35m (531.7ms)[0m  [1m[35mCREATE DATABASE "my_stats_development" ENCODING = 'unicode'[0m
  ↳ /Users/metelskyi/.rvm/gems/ruby-2.5.3/bin/rake:23
  [1m[35m (479.1ms)[0m  [1m[35mCREATE DATABASE "my_stats_test" ENCODING = 'unicode'[0m
  ↳ /Users/metelskyi/.rvm/gems/ruby-2.5.3/bin/rake:23
  [1m[35m (51.0ms)[0m  [1m[35mCREATE TABLE "schema_migrations" ("version" character varying NOT NULL PRIMARY KEY)[0m
  ↳ /Users/metelskyi/.rvm/gems/ruby-2.5.3/bin/rake:23
  [1m[35m (45.0ms)[0m  [1m[35mCREATE TABLE "ar_internal_metadata" ("key" character varying NOT NULL PRIMARY KEY, "value" character varying, "created_at" timestamp NOT NULL, "updated_at" timestamp NOT NULL)[0m
  ↳ /Users/metelskyi/.rvm/gems/ruby-2.5.3/bin/rake:23
  [1m[35m (0.5ms)[0m  [1m[34mSELECT pg_try_advisory_lock(4569563466244943775)[0m
  ↳ /Users/metelskyi/.rvm/gems/ruby-2.5.3/bin/rake:23
  [1m[35m (0.9ms)[0m  [1m[34mSELECT "schema_migrations"."version" FROM "schema_migrations" ORDER BY "schema_migrations"."version" ASC[0m
  ↳ /Users/metelskyi/.rvm/gems/ruby-2.5.3/bin/rake:23
Migrating to CreateUsers (20190304144025)
  [1m[35m (0.2ms)[0m  [1m[35mBEGIN[0m
  ↳ /Users/metelskyi/.rvm/gems/ruby-2.5.3/bin/rake:23
  [1m[35m (47.4ms)[0m  [1m[35mCREATE TABLE "users" ("id" bigserial primary key, "name" character varying, "created_at" timestamp NOT NULL, "updated_at" timestamp NOT NULL)[0m
  ↳ db/migrate/20190304144025_create_users.rb:3
  [1m[36mActiveRecord::SchemaMigration Create (2.6ms)[0m  [1m[32mINSERT INTO "schema_migrations" ("version") VALUES ($1) RETURNING "version"[0m  [["version", "20190304144025"]]
  ↳ /Users/metelskyi/.rvm/gems/ruby-2.5.3/bin/rake:23
  [1m[35m (0.8ms)[0m  [1m[35mCOMMIT[0m
  ↳ /Users/metelskyi/.rvm/gems/ruby-2.5.3/bin/rake:23
Migrating to CreateMatches (20190304144031)
  [1m[35m (39.7ms)[0m  [1m[35mBEGIN[0m
  ↳ /Users/metelskyi/.rvm/gems/ruby-2.5.3/bin/rake:23
  [1m[35m (5.0ms)[0m  [1m[35mCREATE TABLE "matches" ("id" bigserial primary key, "user_id" integer, "hero_id" integer, "created_at" timestamp NOT NULL, "updated_at" timestamp NOT NULL)[0m
  ↳ db/migrate/20190304144031_create_matches.rb:3
  [1m[36mActiveRecord::SchemaMigration Create (0.5ms)[0m  [1m[32mINSERT INTO "schema_migrations" ("version") VALUES ($1) RETURNING "version"[0m  [["version", "20190304144031"]]
  ↳ /Users/metelskyi/.rvm/gems/ruby-2.5.3/bin/rake:23
  [1m[35m (0.4ms)[0m  [1m[35mCOMMIT[0m
  ↳ /Users/metelskyi/.rvm/gems/ruby-2.5.3/bin/rake:23
Migrating to CreateHeros (20190304160856)
  [1m[35m (40.6ms)[0m  [1m[35mBEGIN[0m
  ↳ /Users/metelskyi/.rvm/gems/ruby-2.5.3/bin/rake:23
  [1m[35m (4.7ms)[0m  [1m[35mCREATE TABLE "heros" ("id" bigserial primary key, "name" character varying, "created_at" timestamp NOT NULL, "updated_at" timestamp NOT NULL)[0m
  ↳ db/migrate/20190304160856_create_heros.rb:3
  [1m[36mActiveRecord::SchemaMigration Create (0.5ms)[0m  [1m[32mINSERT INTO "schema_migrations" ("version") VALUES ($1) RETURNING "version"[0m  [["version", "20190304160856"]]
  ↳ /Users/metelskyi/.rvm/gems/ruby-2.5.3/bin/rake:23
  [1m[35m (0.5ms)[0m  [1m[35mCOMMIT[0m
  ↳ /Users/metelskyi/.rvm/gems/ruby-2.5.3/bin/rake:23
  [1m[36mActiveRecord::InternalMetadata Load (2.1ms)[0m  [1m[34mSELECT  "ar_internal_metadata".* FROM "ar_internal_metadata" WHERE "ar_internal_metadata"."key" = $1 LIMIT $2[0m  [["key", "environment"], ["LIMIT", 1]]
  ↳ /Users/metelskyi/.rvm/gems/ruby-2.5.3/bin/rake:23
  [1m[35m (0.4ms)[0m  [1m[35mBEGIN[0m
  ↳ /Users/metelskyi/.rvm/gems/ruby-2.5.3/bin/rake:23
  [1m[36mActiveRecord::InternalMetadata Create (0.9ms)[0m  [1m[32mINSERT INTO "ar_internal_metadata" ("key", "value", "created_at", "updated_at") VALUES ($1, $2, $3, $4) RETURNING "key"[0m  [["key", "environment"], ["value", "development"], ["created_at", "2019-03-04 16:09:53.687606"], ["updated_at", "2019-03-04 16:09:53.687606"]]
  ↳ /Users/metelskyi/.rvm/gems/ruby-2.5.3/bin/rake:23
  [1m[35m (0.5ms)[0m  [1m[35mCOMMIT[0m
  ↳ /Users/metelskyi/.rvm/gems/ruby-2.5.3/bin/rake:23
  [1m[35m (0.4ms)[0m  [1m[34mSELECT pg_advisory_unlock(4569563466244943775)[0m
  ↳ /Users/metelskyi/.rvm/gems/ruby-2.5.3/bin/rake:23
  [1m[35m (0.5ms)[0m  [1m[34mSELECT "schema_migrations"."version" FROM "schema_migrations" ORDER BY "schema_migrations"."version" ASC[0m
  ↳ /Users/metelskyi/.rvm/gems/ruby-2.5.3/bin/rake:23
  [1m[36mHero Load (1.6ms)[0m  [1m[34mSELECT  "heros".* FROM "heros" LIMIT $1[0m  [["LIMIT", 11]]
  [1m[36mMatch Load (2.2ms)[0m  [1m[34mSELECT  "matches".* FROM "matches" LIMIT $1[0m  [["LIMIT", 11]]
  [1m[35m (0.3ms)[0m  [1m[35mBEGIN[0m
  [1m[36mHero Create (4.5ms)[0m  [1m[32mINSERT INTO "heros" ("name", "created_at", "updated_at") VALUES ($1, $2, $3) RETURNING "id"[0m  [["name", "Me"], ["created_at", "2019-03-04 16:10:34.775293"], ["updated_at", "2019-03-04 16:10:34.775293"]]
  [1m[35m (0.8ms)[0m  [1m[35mCOMMIT[0m
  [1m[35m (0.2ms)[0m  [1m[35mBEGIN[0m
  [1m[36mUser Create (2.9ms)[0m  [1m[32mINSERT INTO "users" ("name", "created_at", "updated_at") VALUES ($1, $2, $3) RETURNING "id"[0m  [["name", "Artem"], ["created_at", "2019-03-04 16:10:54.750891"], ["updated_at", "2019-03-04 16:10:54.750891"]]
  [1m[35m (0.5ms)[0m  [1m[35mCOMMIT[0m
  [1m[35m (0.2ms)[0m  [1m[35mBEGIN[0m
  [1m[35m (0.3ms)[0m  [1m[31mROLLBACK[0m
  [1m[35m (0.2ms)[0m  [1m[35mBEGIN[0m
  [1m[35m (0.4ms)[0m  [1m[31mROLLBACK[0m
  [1m[35m (0.2ms)[0m  [1m[35mBEGIN[0m
  [1m[36mHero Load (0.9ms)[0m  [1m[34mSELECT  "heros".* FROM "heros" WHERE "heros"."id" = $1 LIMIT $2[0m  [["id", 1], ["LIMIT", 1]]
  [1m[36mUser Load (0.6ms)[0m  [1m[34mSELECT  "users".* FROM "users" WHERE "users"."id" = $1 LIMIT $2[0m  [["id", 1], ["LIMIT", 1]]
  [1m[36mMatch Create (2.3ms)[0m  [1m[32mINSERT INTO "matches" ("user_id", "hero_id", "created_at", "updated_at") VALUES ($1, $2, $3, $4) RETURNING "id"[0m  [["user_id", 1], ["hero_id", 1], ["created_at", "2019-03-04 16:12:33.821156"], ["updated_at", "2019-03-04 16:12:33.821156"]]
  [1m[35m (0.7ms)[0m  [1m[35mCOMMIT[0m
  [1m[36mUser Load (1.9ms)[0m  [1m[34mSELECT  "users".* FROM "users" WHERE "users"."id" = $1 LIMIT $2[0m  [["id", 1], ["LIMIT", 1]]
  [1m[36mMatch Load (1.5ms)[0m  [1m[34mSELECT  "matches".* FROM "matches" WHERE "matches"."user_id" = $1 LIMIT $2[0m  [["user_id", 1], ["LIMIT", 11]]
  [1m[36mHero Load (1.0ms)[0m  [1m[34mSELECT  "heros".* FROM "heros" INNER JOIN "matches" ON "heros"."id" = "matches"."hero_id" WHERE "matches"."user_id" = $1 LIMIT $2[0m  [["user_id", 1], ["LIMIT", 11]]
  [1m[36mHero Load (1.9ms)[0m  [1m[34mSELECT "heros".* FROM "heros" INNER JOIN "matches" ON "heros"."id" = "matches"."hero_id" WHERE "matches"."user_id" = $1[0m  [["user_id", 1]]
  [1m[36mUser Load (0.8ms)[0m  [1m[34mSELECT  "users".* FROM "users" WHERE "users"."id" = $1 LIMIT $2[0m  [["id", 1], ["LIMIT", 1]]
  [1m[36mMatch Load (0.8ms)[0m  [1m[34mSELECT  "matches".* FROM "matches" WHERE "matches"."user_id" = $1 LIMIT $2[0m  [["user_id", 1], ["LIMIT", 11]]
  [1m[36mMatch Load (1.5ms)[0m  [1m[34mSELECT "matches".* FROM "matches" WHERE "matches"."user_id" = $1[0m  [["user_id", 1]]
  [1m[36mHero Load (0.7ms)[0m  [1m[34mSELECT  "heros".* FROM "heros" WHERE "heros"."id" = $1 LIMIT $2[0m  [["id", 1], ["LIMIT", 1]]
  [1m[35m (0.3ms)[0m  [1m[34mSELECT pg_try_advisory_lock(4569563466244943775)[0m
  ↳ /Users/metelskyi/.rvm/gems/ruby-2.5.3/bin/rake:23
  [1m[35m (1.4ms)[0m  [1m[34mSELECT "schema_migrations"."version" FROM "schema_migrations" ORDER BY "schema_migrations"."version" ASC[0m
  ↳ /Users/metelskyi/.rvm/gems/ruby-2.5.3/bin/rake:23
Migrating to AddColumnsToMatches (20190304162345)
  [1m[35m (0.4ms)[0m  [1m[34mSELECT pg_advisory_unlock(4569563466244943775)[0m
  ↳ /Users/metelskyi/.rvm/gems/ruby-2.5.3/bin/rake:23
  [1m[35m (0.3ms)[0m  [1m[34mSELECT pg_try_advisory_lock(4569563466244943775)[0m
  ↳ /Users/metelskyi/.rvm/gems/ruby-2.5.3/bin/rake:23
  [1m[35m (1.5ms)[0m  [1m[34mSELECT "schema_migrations"."version" FROM "schema_migrations" ORDER BY "schema_migrations"."version" ASC[0m
  ↳ /Users/metelskyi/.rvm/gems/ruby-2.5.3/bin/rake:23
Migrating to AddColumnsToMatches (20190304162345)
  [1m[35m (0.2ms)[0m  [1m[35mBEGIN[0m
  ↳ /Users/metelskyi/.rvm/gems/ruby-2.5.3/bin/rake:23
  [1m[35m (0.2ms)[0m  [1m[31mROLLBACK[0m
  ↳ /Users/metelskyi/.rvm/gems/ruby-2.5.3/bin/rake:23
  [1m[35m (0.4ms)[0m  [1m[34mSELECT pg_advisory_unlock(4569563466244943775)[0m
  ↳ /Users/metelskyi/.rvm/gems/ruby-2.5.3/bin/rake:23
  [1m[35m (0.3ms)[0m  [1m[34mSELECT pg_try_advisory_lock(4569563466244943775)[0m
  ↳ /Users/metelskyi/.rvm/gems/ruby-2.5.3/bin/rake:23
  [1m[35m (1.4ms)[0m  [1m[34mSELECT "schema_migrations"."version" FROM "schema_migrations" ORDER BY "schema_migrations"."version" ASC[0m
  ↳ /Users/metelskyi/.rvm/gems/ruby-2.5.3/bin/rake:23
Migrating to AddColumnsToMatches (20190304162345)
  [1m[35m (0.2ms)[0m  [1m[35mBEGIN[0m
  ↳ /Users/metelskyi/.rvm/gems/ruby-2.5.3/bin/rake:23
  [1m[35m (41.3ms)[0m  [1m[35mALTER TABLE "macthes" ADD "kills" integer[0m
  ↳ db/migrate/20190304162345_add_columns_to_matches.rb:4
  [1m[35m (0.2ms)[0m  [1m[31mROLLBACK[0m
  ↳ /Users/metelskyi/.rvm/gems/ruby-2.5.3/bin/rake:23
  [1m[35m (0.4ms)[0m  [1m[34mSELECT pg_advisory_unlock(4569563466244943775)[0m
  ↳ /Users/metelskyi/.rvm/gems/ruby-2.5.3/bin/rake:23
  [1m[35m (0.4ms)[0m  [1m[34mSELECT pg_try_advisory_lock(4569563466244943775)[0m
  ↳ /Users/metelskyi/.rvm/gems/ruby-2.5.3/bin/rake:23
  [1m[35m (1.4ms)[0m  [1m[34mSELECT "schema_migrations"."version" FROM "schema_migrations" ORDER BY "schema_migrations"."version" ASC[0m
  ↳ /Users/metelskyi/.rvm/gems/ruby-2.5.3/bin/rake:23
Migrating to AddColumnsToMatches (20190304162345)
  [1m[35m (0.2ms)[0m  [1m[35mBEGIN[0m
  ↳ /Users/metelskyi/.rvm/gems/ruby-2.5.3/bin/rake:23
  [1m[35m (43.7ms)[0m  [1m[35mALTER TABLE "matches" ADD "kills" integer[0m
  ↳ db/migrate/20190304162345_add_columns_to_matches.rb:4
  [1m[35m (0.6ms)[0m  [1m[35mALTER TABLE "matches" ADD "deaths" integer[0m
  ↳ db/migrate/20190304162345_add_columns_to_matches.rb:5
  [1m[35m (3.3ms)[0m  [1m[35mALTER TABLE "matches" ADD "assists" integer[0m
  ↳ db/migrate/20190304162345_add_columns_to_matches.rb:6
  [1m[35m (0.4ms)[0m  [1m[35mALTER TABLE "matches" ADD "result" boolean[0m
  ↳ db/migrate/20190304162345_add_columns_to_matches.rb:7
  [1m[36mActiveRecord::SchemaMigration Create (2.6ms)[0m  [1m[32mINSERT INTO "schema_migrations" ("version") VALUES ($1) RETURNING "version"[0m  [["version", "20190304162345"]]
  ↳ /Users/metelskyi/.rvm/gems/ruby-2.5.3/bin/rake:23
  [1m[35m (2.9ms)[0m  [1m[35mCOMMIT[0m
  ↳ /Users/metelskyi/.rvm/gems/ruby-2.5.3/bin/rake:23
  [1m[36mActiveRecord::InternalMetadata Load (0.5ms)[0m  [1m[34mSELECT  "ar_internal_metadata".* FROM "ar_internal_metadata" WHERE "ar_internal_metadata"."key" = $1 LIMIT $2[0m  [["key", "environment"], ["LIMIT", 1]]
  ↳ /Users/metelskyi/.rvm/gems/ruby-2.5.3/bin/rake:23
  [1m[35m (0.2ms)[0m  [1m[35mBEGIN[0m
  ↳ /Users/metelskyi/.rvm/gems/ruby-2.5.3/bin/rake:23
  [1m[35m (0.2ms)[0m  [1m[35mCOMMIT[0m
  ↳ /Users/metelskyi/.rvm/gems/ruby-2.5.3/bin/rake:23
  [1m[35m (0.4ms)[0m  [1m[34mSELECT pg_advisory_unlock(4569563466244943775)[0m
  ↳ /Users/metelskyi/.rvm/gems/ruby-2.5.3/bin/rake:23
  [1m[35m (0.7ms)[0m  [1m[34mSELECT "schema_migrations"."version" FROM "schema_migrations" ORDER BY "schema_migrations"."version" ASC[0m
  ↳ /Users/metelskyi/.rvm/gems/ruby-2.5.3/bin/rake:23
  [1m[36mUser Load (1.3ms)[0m  [1m[34mSELECT  "users".* FROM "users" WHERE "users"."id" = $1 LIMIT $2[0m  [["id", 1], ["LIMIT", 1]]
  [1m[36mMatch Load (4.2ms)[0m  [1m[34mSELECT "matches".* FROM "matches" WHERE "matches"."user_id" = $1[0m  [["user_id", 1]]
  [1m[36mHero Load (0.9ms)[0m  [1m[34mSELECT  "heros".* FROM "heros" WHERE "heros"."id" = $1 LIMIT $2[0m  [["id", 1], ["LIMIT", 1]]
  [1m[36mMatch Load (3.1ms)[0m  [1m[34mSELECT  "matches".* FROM "matches" LIMIT $1[0m  [["LIMIT", 11]]
  [1m[35m (0.3ms)[0m  [1m[35mBEGIN[0m
  [1m[36mHero Load (0.5ms)[0m  [1m[34mSELECT  "heros".* FROM "heros" WHERE "heros"."id" = $1 LIMIT $2[0m  [["id", 1], ["LIMIT", 1]]
  [1m[36mUser Load (0.4ms)[0m  [1m[34mSELECT  "users".* FROM "users" WHERE "users"."id" = $1 LIMIT $2[0m  [["id", 1], ["LIMIT", 1]]
  [1m[36mMatch Create (1.0ms)[0m  [1m[32mINSERT INTO "matches" ("user_id", "hero_id", "created_at", "updated_at", "kills", "deaths", "assists", "result") VALUES ($1, $2, $3, $4, $5, $6, $7, $8) RETURNING "id"[0m  [["user_id", 1], ["hero_id", 1], ["created_at", "2019-03-04 16:30:30.311034"], ["updated_at", "2019-03-04 16:30:30.311034"], ["kills", 10], ["deaths", 5], ["assists", 10], ["result", true]]
  [1m[35m (41.3ms)[0m  [1m[35mCOMMIT[0m
  [1m[35m (0.3ms)[0m  [1m[35mBEGIN[0m
  [1m[36mHero Load (0.7ms)[0m  [1m[34mSELECT  "heros".* FROM "heros" WHERE "heros"."id" = $1 LIMIT $2[0m  [["id", 1], ["LIMIT", 1]]
  [1m[36mUser Load (0.7ms)[0m  [1m[34mSELECT  "users".* FROM "users" WHERE "users"."id" = $1 LIMIT $2[0m  [["id", 1], ["LIMIT", 1]]
  [1m[36mMatch Create (1.1ms)[0m  [1m[32mINSERT INTO "matches" ("user_id", "hero_id", "created_at", "updated_at", "kills", "deaths", "assists", "result") VALUES ($1, $2, $3, $4, $5, $6, $7, $8) RETURNING "id"[0m  [["user_id", 1], ["hero_id", 1], ["created_at", "2019-03-04 16:31:15.396452"], ["updated_at", "2019-03-04 16:31:15.396452"], ["kills", 10], ["deaths", 5], ["assists", 10], ["result", true]]
  [1m[35m (0.5ms)[0m  [1m[35mCOMMIT[0m
  [1m[36mMatch Load (2.3ms)[0m  [1m[34mSELECT  "matches".* FROM "matches" LIMIT $1[0m  [["LIMIT", 11]]
  [1m[36mUser Load (0.7ms)[0m  [1m[34mSELECT  "users".* FROM "users" WHERE "users"."id" = $1 LIMIT $2[0m  [["id", 1], ["LIMIT", 1]]
  [1m[36mMatch Load (0.7ms)[0m  [1m[34mSELECT  "matches".* FROM "matches" WHERE "matches"."user_id" = $1 LIMIT $2[0m  [["user_id", 1], ["LIMIT", 11]]
  [1m[36mMatch Load (1.7ms)[0m  [1m[34mSELECT "matches".* FROM "matches" WHERE "matches"."user_id" = $1[0m  [["user_id", 1]]
Started GET "/" for 127.0.0.1 at 2019-03-04 11:44:51 -0500
  [1m[35m (1.5ms)[0m  [1m[34mSELECT "schema_migrations"."version" FROM "schema_migrations" ORDER BY "schema_migrations"."version" ASC[0m
  ↳ /Users/metelskyi/.rvm/gems/ruby-2.5.3/gems/activerecord-5.2.2/lib/active_record/log_subscriber.rb:98
Processing by Rails::WelcomeController#index as HTML
  Rendering /Users/metelskyi/.rvm/gems/ruby-2.5.3/gems/railties-5.2.2/lib/rails/templates/rails/welcome/index.html.erb
  Rendered /Users/metelskyi/.rvm/gems/ruby-2.5.3/gems/railties-5.2.2/lib/rails/templates/rails/welcome/index.html.erb (13.6ms)
Completed 200 OK in 57ms (Views: 48.8ms | ActiveRecord: 0.0ms)


Started GET "/users" for 127.0.0.1 at 2019-03-04 11:44:56 -0500
  
ActionController::RoutingError (No route matches [GET] "/users"):
  
actionpack (5.2.2) lib/action_dispatch/middleware/debug_exceptions.rb:65:in `call'
actionpack (5.2.2) lib/action_dispatch/middleware/show_exceptions.rb:33:in `call'
railties (5.2.2) lib/rails/rack/logger.rb:38:in `call_app'
railties (5.2.2) lib/rails/rack/logger.rb:26:in `block in call'
activesupport (5.2.2) lib/active_support/tagged_logging.rb:71:in `block in tagged'
activesupport (5.2.2) lib/active_support/tagged_logging.rb:28:in `tagged'
activesupport (5.2.2) lib/active_support/tagged_logging.rb:71:in `tagged'
railties (5.2.2) lib/rails/rack/logger.rb:26:in `call'
actionpack (5.2.2) lib/action_dispatch/middleware/remote_ip.rb:81:in `call'
actionpack (5.2.2) lib/action_dispatch/middleware/request_id.rb:27:in `call'
rack (2.0.6) lib/rack/runtime.rb:22:in `call'
activesupport (5.2.2) lib/active_support/cache/strategy/local_cache_middleware.rb:29:in `call'
actionpack (5.2.2) lib/action_dispatch/middleware/executor.rb:14:in `call'
actionpack (5.2.2) lib/action_dispatch/middleware/static.rb:127:in `call'
rack (2.0.6) lib/rack/sendfile.rb:111:in `call'
rack-cors (1.0.2) lib/rack/cors.rb:97:in `call'
railties (5.2.2) lib/rails/engine.rb:524:in `call'
puma (3.12.0) lib/puma/configuration.rb:225:in `call'
puma (3.12.0) lib/puma/server.rb:658:in `handle_request'
puma (3.12.0) lib/puma/server.rb:472:in `process_client'
puma (3.12.0) lib/puma/server.rb:332:in `block in run'
puma (3.12.0) lib/puma/thread_pool.rb:133:in `block in spawn_thread'
Started GET "/users/1" for 127.0.0.1 at 2019-03-04 11:45:11 -0500
  
ActionController::RoutingError (uninitialized constant UsersController):
  
bootsnap (1.4.1) lib/bootsnap/load_path_cache/core_ext/active_support.rb:76:in `block in load_missing_constant'
bootsnap (1.4.1) lib/bootsnap/load_path_cache/core_ext/active_support.rb:8:in `without_bootsnap_cache'
bootsnap (1.4.1) lib/bootsnap/load_path_cache/core_ext/active_support.rb:76:in `rescue in load_missing_constant'
bootsnap (1.4.1) lib/bootsnap/load_path_cache/core_ext/active_support.rb:58:in `load_missing_constant'
activesupport (5.2.2) lib/active_support/inflector/methods.rb:283:in `const_get'
activesupport (5.2.2) lib/active_support/inflector/methods.rb:283:in `block in constantize'
activesupport (5.2.2) lib/active_support/inflector/methods.rb:281:in `each'
activesupport (5.2.2) lib/active_support/inflector/methods.rb:281:in `inject'
activesupport (5.2.2) lib/active_support/inflector/methods.rb:281:in `constantize'
actionpack (5.2.2) lib/action_dispatch/http/request.rb:88:in `controller_class_for'
actionpack (5.2.2) lib/action_dispatch/http/request.rb:81:in `controller_class'
actionpack (5.2.2) lib/action_dispatch/routing/route_set.rb:46:in `controller'
actionpack (5.2.2) lib/action_dispatch/routing/route_set.rb:32:in `serve'
actionpack (5.2.2) lib/action_dispatch/journey/router.rb:52:in `block in serve'
actionpack (5.2.2) lib/action_dispatch/journey/router.rb:35:in `each'
actionpack (5.2.2) lib/action_dispatch/journey/router.rb:35:in `serve'
actionpack (5.2.2) lib/action_dispatch/routing/route_set.rb:840:in `call'
rack (2.0.6) lib/rack/etag.rb:25:in `call'
rack (2.0.6) lib/rack/conditional_get.rb:25:in `call'
rack (2.0.6) lib/rack/head.rb:12:in `call'
activerecord (5.2.2) lib/active_record/migration.rb:559:in `call'
actionpack (5.2.2) lib/action_dispatch/middleware/callbacks.rb:28:in `block in call'
activesupport (5.2.2) lib/active_support/callbacks.rb:98:in `run_callbacks'
actionpack (5.2.2) lib/action_dispatch/middleware/callbacks.rb:26:in `call'
actionpack (5.2.2) lib/action_dispatch/middleware/executor.rb:14:in `call'
actionpack (5.2.2) lib/action_dispatch/middleware/debug_exceptions.rb:61:in `call'
actionpack (5.2.2) lib/action_dispatch/middleware/show_exceptions.rb:33:in `call'
railties (5.2.2) lib/rails/rack/logger.rb:38:in `call_app'
railties (5.2.2) lib/rails/rack/logger.rb:26:in `block in call'
activesupport (5.2.2) lib/active_support/tagged_logging.rb:71:in `block in tagged'
activesupport (5.2.2) lib/active_support/tagged_logging.rb:28:in `tagged'
activesupport (5.2.2) lib/active_support/tagged_logging.rb:71:in `tagged'
railties (5.2.2) lib/rails/rack/logger.rb:26:in `call'
actionpack (5.2.2) lib/action_dispatch/middleware/remote_ip.rb:81:in `call'
actionpack (5.2.2) lib/action_dispatch/middleware/request_id.rb:27:in `call'
rack (2.0.6) lib/rack/runtime.rb:22:in `call'
activesupport (5.2.2) lib/active_support/cache/strategy/local_cache_middleware.rb:29:in `call'
actionpack (5.2.2) lib/action_dispatch/middleware/executor.rb:14:in `call'
actionpack (5.2.2) lib/action_dispatch/middleware/static.rb:127:in `call'
rack (2.0.6) lib/rack/sendfile.rb:111:in `call'
rack-cors (1.0.2) lib/rack/cors.rb:97:in `call'
railties (5.2.2) lib/rails/engine.rb:524:in `call'
puma (3.12.0) lib/puma/configuration.rb:225:in `call'
puma (3.12.0) lib/puma/server.rb:658:in `handle_request'
puma (3.12.0) lib/puma/server.rb:472:in `process_client'
puma (3.12.0) lib/puma/server.rb:332:in `block in run'
puma (3.12.0) lib/puma/thread_pool.rb:133:in `block in spawn_thread'
  [1m[36mMatch Load (1.3ms)[0m  [1m[34mSELECT  "matches".* FROM "matches" LIMIT $1[0m  [["LIMIT", 11]]
  [1m[36mUser Load (0.6ms)[0m  [1m[34mSELECT  "users".* FROM "users" LIMIT $1[0m  [["LIMIT", 11]]
  [1m[36mHero Load (1.6ms)[0m  [1m[34mSELECT  "heros".* FROM "heros" LIMIT $1[0m  [["LIMIT", 11]]
Started GET "/users/1" for 127.0.0.1 at 2019-03-04 12:00:54 -0500
  
ActionController::RoutingError (uninitialized constant UsersController):
  
bootsnap (1.4.1) lib/bootsnap/load_path_cache/core_ext/active_support.rb:76:in `block in load_missing_constant'
bootsnap (1.4.1) lib/bootsnap/load_path_cache/core_ext/active_support.rb:8:in `without_bootsnap_cache'
bootsnap (1.4.1) lib/bootsnap/load_path_cache/core_ext/active_support.rb:76:in `rescue in load_missing_constant'
bootsnap (1.4.1) lib/bootsnap/load_path_cache/core_ext/active_support.rb:58:in `load_missing_constant'
activesupport (5.2.2) lib/active_support/inflector/methods.rb:283:in `const_get'
activesupport (5.2.2) lib/active_support/inflector/methods.rb:283:in `block in constantize'
activesupport (5.2.2) lib/active_support/inflector/methods.rb:281:in `each'
activesupport (5.2.2) lib/active_support/inflector/methods.rb:281:in `inject'
activesupport (5.2.2) lib/active_support/inflector/methods.rb:281:in `constantize'
actionpack (5.2.2) lib/action_dispatch/http/request.rb:88:in `controller_class_for'
actionpack (5.2.2) lib/action_dispatch/http/request.rb:81:in `controller_class'
actionpack (5.2.2) lib/action_dispatch/routing/route_set.rb:46:in `controller'
actionpack (5.2.2) lib/action_dispatch/routing/route_set.rb:32:in `serve'
actionpack (5.2.2) lib/action_dispatch/journey/router.rb:52:in `block in serve'
actionpack (5.2.2) lib/action_dispatch/journey/router.rb:35:in `each'
actionpack (5.2.2) lib/action_dispatch/journey/router.rb:35:in `serve'
actionpack (5.2.2) lib/action_dispatch/routing/route_set.rb:840:in `call'
rack (2.0.6) lib/rack/etag.rb:25:in `call'
rack (2.0.6) lib/rack/conditional_get.rb:25:in `call'
rack (2.0.6) lib/rack/head.rb:12:in `call'
activerecord (5.2.2) lib/active_record/migration.rb:559:in `call'
actionpack (5.2.2) lib/action_dispatch/middleware/callbacks.rb:28:in `block in call'
activesupport (5.2.2) lib/active_support/callbacks.rb:98:in `run_callbacks'
actionpack (5.2.2) lib/action_dispatch/middleware/callbacks.rb:26:in `call'
actionpack (5.2.2) lib/action_dispatch/middleware/executor.rb:14:in `call'
actionpack (5.2.2) lib/action_dispatch/middleware/debug_exceptions.rb:61:in `call'
actionpack (5.2.2) lib/action_dispatch/middleware/show_exceptions.rb:33:in `call'
railties (5.2.2) lib/rails/rack/logger.rb:38:in `call_app'
railties (5.2.2) lib/rails/rack/logger.rb:26:in `block in call'
activesupport (5.2.2) lib/active_support/tagged_logging.rb:71:in `block in tagged'
activesupport (5.2.2) lib/active_support/tagged_logging.rb:28:in `tagged'
activesupport (5.2.2) lib/active_support/tagged_logging.rb:71:in `tagged'
railties (5.2.2) lib/rails/rack/logger.rb:26:in `call'
actionpack (5.2.2) lib/action_dispatch/middleware/remote_ip.rb:81:in `call'
actionpack (5.2.2) lib/action_dispatch/middleware/request_id.rb:27:in `call'
rack (2.0.6) lib/rack/runtime.rb:22:in `call'
activesupport (5.2.2) lib/active_support/cache/strategy/local_cache_middleware.rb:29:in `call'
actionpack (5.2.2) lib/action_dispatch/middleware/executor.rb:14:in `call'
actionpack (5.2.2) lib/action_dispatch/middleware/static.rb:127:in `call'
rack (2.0.6) lib/rack/sendfile.rb:111:in `call'
rack-cors (1.0.2) lib/rack/cors.rb:97:in `call'
railties (5.2.2) lib/rails/engine.rb:524:in `call'
puma (3.12.0) lib/puma/configuration.rb:225:in `call'
puma (3.12.0) lib/puma/server.rb:658:in `handle_request'
puma (3.12.0) lib/puma/server.rb:472:in `process_client'
puma (3.12.0) lib/puma/server.rb:332:in `block in run'
puma (3.12.0) lib/puma/thread_pool.rb:133:in `block in spawn_thread'
Started GET "/users" for 127.0.0.1 at 2019-03-04 12:01:12 -0500
  
ActionController::RoutingError (No route matches [GET] "/users"):
  
actionpack (5.2.2) lib/action_dispatch/middleware/debug_exceptions.rb:65:in `call'
actionpack (5.2.2) lib/action_dispatch/middleware/show_exceptions.rb:33:in `call'
railties (5.2.2) lib/rails/rack/logger.rb:38:in `call_app'
railties (5.2.2) lib/rails/rack/logger.rb:26:in `block in call'
activesupport (5.2.2) lib/active_support/tagged_logging.rb:71:in `block in tagged'
activesupport (5.2.2) lib/active_support/tagged_logging.rb:28:in `tagged'
activesupport (5.2.2) lib/active_support/tagged_logging.rb:71:in `tagged'
railties (5.2.2) lib/rails/rack/logger.rb:26:in `call'
actionpack (5.2.2) lib/action_dispatch/middleware/remote_ip.rb:81:in `call'
actionpack (5.2.2) lib/action_dispatch/middleware/request_id.rb:27:in `call'
rack (2.0.6) lib/rack/runtime.rb:22:in `call'
activesupport (5.2.2) lib/active_support/cache/strategy/local_cache_middleware.rb:29:in `call'
actionpack (5.2.2) lib/action_dispatch/middleware/executor.rb:14:in `call'
actionpack (5.2.2) lib/action_dispatch/middleware/static.rb:127:in `call'
rack (2.0.6) lib/rack/sendfile.rb:111:in `call'
rack-cors (1.0.2) lib/rack/cors.rb:97:in `call'
railties (5.2.2) lib/rails/engine.rb:524:in `call'
puma (3.12.0) lib/puma/configuration.rb:225:in `call'
puma (3.12.0) lib/puma/server.rb:658:in `handle_request'
puma (3.12.0) lib/puma/server.rb:472:in `process_client'
puma (3.12.0) lib/puma/server.rb:332:in `block in run'
puma (3.12.0) lib/puma/thread_pool.rb:133:in `block in spawn_thread'
Started GET "/user/1" for 127.0.0.1 at 2019-03-04 12:01:14 -0500
  
ActionController::RoutingError (No route matches [GET] "/user/1"):
  
actionpack (5.2.2) lib/action_dispatch/middleware/debug_exceptions.rb:65:in `call'
actionpack (5.2.2) lib/action_dispatch/middleware/show_exceptions.rb:33:in `call'
railties (5.2.2) lib/rails/rack/logger.rb:38:in `call_app'
railties (5.2.2) lib/rails/rack/logger.rb:26:in `block in call'
activesupport (5.2.2) lib/active_support/tagged_logging.rb:71:in `block in tagged'
activesupport (5.2.2) lib/active_support/tagged_logging.rb:28:in `tagged'
activesupport (5.2.2) lib/active_support/tagged_logging.rb:71:in `tagged'
railties (5.2.2) lib/rails/rack/logger.rb:26:in `call'
actionpack (5.2.2) lib/action_dispatch/middleware/remote_ip.rb:81:in `call'
actionpack (5.2.2) lib/action_dispatch/middleware/request_id.rb:27:in `call'
rack (2.0.6) lib/rack/runtime.rb:22:in `call'
activesupport (5.2.2) lib/active_support/cache/strategy/local_cache_middleware.rb:29:in `call'
actionpack (5.2.2) lib/action_dispatch/middleware/executor.rb:14:in `call'
actionpack (5.2.2) lib/action_dispatch/middleware/static.rb:127:in `call'
rack (2.0.6) lib/rack/sendfile.rb:111:in `call'
rack-cors (1.0.2) lib/rack/cors.rb:97:in `call'
railties (5.2.2) lib/rails/engine.rb:524:in `call'
puma (3.12.0) lib/puma/configuration.rb:225:in `call'
puma (3.12.0) lib/puma/server.rb:658:in `handle_request'
puma (3.12.0) lib/puma/server.rb:472:in `process_client'
puma (3.12.0) lib/puma/server.rb:332:in `block in run'
puma (3.12.0) lib/puma/thread_pool.rb:133:in `block in spawn_thread'
Started GET "/users/1" for 127.0.0.1 at 2019-03-04 12:01:18 -0500
  
ActionController::RoutingError (uninitialized constant UsersController):
  
bootsnap (1.4.1) lib/bootsnap/load_path_cache/core_ext/active_support.rb:76:in `block in load_missing_constant'
bootsnap (1.4.1) lib/bootsnap/load_path_cache/core_ext/active_support.rb:8:in `without_bootsnap_cache'
bootsnap (1.4.1) lib/bootsnap/load_path_cache/core_ext/active_support.rb:76:in `rescue in load_missing_constant'
bootsnap (1.4.1) lib/bootsnap/load_path_cache/core_ext/active_support.rb:58:in `load_missing_constant'
activesupport (5.2.2) lib/active_support/inflector/methods.rb:283:in `const_get'
activesupport (5.2.2) lib/active_support/inflector/methods.rb:283:in `block in constantize'
activesupport (5.2.2) lib/active_support/inflector/methods.rb:281:in `each'
activesupport (5.2.2) lib/active_support/inflector/methods.rb:281:in `inject'
activesupport (5.2.2) lib/active_support/inflector/methods.rb:281:in `constantize'
actionpack (5.2.2) lib/action_dispatch/http/request.rb:88:in `controller_class_for'
actionpack (5.2.2) lib/action_dispatch/http/request.rb:81:in `controller_class'
actionpack (5.2.2) lib/action_dispatch/routing/route_set.rb:46:in `controller'
actionpack (5.2.2) lib/action_dispatch/routing/route_set.rb:32:in `serve'
actionpack (5.2.2) lib/action_dispatch/journey/router.rb:52:in `block in serve'
actionpack (5.2.2) lib/action_dispatch/journey/router.rb:35:in `each'
actionpack (5.2.2) lib/action_dispatch/journey/router.rb:35:in `serve'
actionpack (5.2.2) lib/action_dispatch/routing/route_set.rb:840:in `call'
rack (2.0.6) lib/rack/etag.rb:25:in `call'
rack (2.0.6) lib/rack/conditional_get.rb:25:in `call'
rack (2.0.6) lib/rack/head.rb:12:in `call'
activerecord (5.2.2) lib/active_record/migration.rb:559:in `call'
actionpack (5.2.2) lib/action_dispatch/middleware/callbacks.rb:28:in `block in call'
activesupport (5.2.2) lib/active_support/callbacks.rb:98:in `run_callbacks'
actionpack (5.2.2) lib/action_dispatch/middleware/callbacks.rb:26:in `call'
actionpack (5.2.2) lib/action_dispatch/middleware/executor.rb:14:in `call'
actionpack (5.2.2) lib/action_dispatch/middleware/debug_exceptions.rb:61:in `call'
actionpack (5.2.2) lib/action_dispatch/middleware/show_exceptions.rb:33:in `call'
railties (5.2.2) lib/rails/rack/logger.rb:38:in `call_app'
railties (5.2.2) lib/rails/rack/logger.rb:26:in `block in call'
activesupport (5.2.2) lib/active_support/tagged_logging.rb:71:in `block in tagged'
activesupport (5.2.2) lib/active_support/tagged_logging.rb:28:in `tagged'
activesupport (5.2.2) lib/active_support/tagged_logging.rb:71:in `tagged'
railties (5.2.2) lib/rails/rack/logger.rb:26:in `call'
actionpack (5.2.2) lib/action_dispatch/middleware/remote_ip.rb:81:in `call'
actionpack (5.2.2) lib/action_dispatch/middleware/request_id.rb:27:in `call'
rack (2.0.6) lib/rack/runtime.rb:22:in `call'
activesupport (5.2.2) lib/active_support/cache/strategy/local_cache_middleware.rb:29:in `call'
actionpack (5.2.2) lib/action_dispatch/middleware/executor.rb:14:in `call'
actionpack (5.2.2) lib/action_dispatch/middleware/static.rb:127:in `call'
rack (2.0.6) lib/rack/sendfile.rb:111:in `call'
rack-cors (1.0.2) lib/rack/cors.rb:97:in `call'
railties (5.2.2) lib/rails/engine.rb:524:in `call'
puma (3.12.0) lib/puma/configuration.rb:225:in `call'
puma (3.12.0) lib/puma/server.rb:658:in `handle_request'
puma (3.12.0) lib/puma/server.rb:472:in `process_client'
puma (3.12.0) lib/puma/server.rb:332:in `block in run'
puma (3.12.0) lib/puma/thread_pool.rb:133:in `block in spawn_thread'
Started GET "/users/1" for 127.0.0.1 at 2019-03-04 12:02:31 -0500
Processing by UsersController#show as HTML
  Parameters: {"id"=>"1"}
  [1m[36mUser Load (1.2ms)[0m  [1m[34mSELECT  "users".* FROM "users" WHERE "users"."id" = $1 LIMIT $2[0m  [["id", 1], ["LIMIT", 1]]
  ↳ app/controllers/users_controller.rb:4
[active_model_serializers] Rendered ActiveModel::Serializer::Null with User (2.7ms)
Completed 200 OK in 91ms (Views: 17.2ms | ActiveRecord: 49.6ms)


Started GET "/matches/1" for 127.0.0.1 at 2019-03-04 12:02:41 -0500
  
ActionController::RoutingError (No route matches [GET] "/matches/1"):
  
actionpack (5.2.2) lib/action_dispatch/middleware/debug_exceptions.rb:65:in `call'
actionpack (5.2.2) lib/action_dispatch/middleware/show_exceptions.rb:33:in `call'
railties (5.2.2) lib/rails/rack/logger.rb:38:in `call_app'
railties (5.2.2) lib/rails/rack/logger.rb:26:in `block in call'
activesupport (5.2.2) lib/active_support/tagged_logging.rb:71:in `block in tagged'
activesupport (5.2.2) lib/active_support/tagged_logging.rb:28:in `tagged'
activesupport (5.2.2) lib/active_support/tagged_logging.rb:71:in `tagged'
railties (5.2.2) lib/rails/rack/logger.rb:26:in `call'
actionpack (5.2.2) lib/action_dispatch/middleware/remote_ip.rb:81:in `call'
actionpack (5.2.2) lib/action_dispatch/middleware/request_id.rb:27:in `call'
rack (2.0.6) lib/rack/runtime.rb:22:in `call'
activesupport (5.2.2) lib/active_support/cache/strategy/local_cache_middleware.rb:29:in `call'
actionpack (5.2.2) lib/action_dispatch/middleware/executor.rb:14:in `call'
actionpack (5.2.2) lib/action_dispatch/middleware/static.rb:127:in `call'
rack (2.0.6) lib/rack/sendfile.rb:111:in `call'
rack-cors (1.0.2) lib/rack/cors.rb:97:in `call'
railties (5.2.2) lib/rails/engine.rb:524:in `call'
puma (3.12.0) lib/puma/configuration.rb:225:in `call'
puma (3.12.0) lib/puma/server.rb:658:in `handle_request'
puma (3.12.0) lib/puma/server.rb:472:in `process_client'
puma (3.12.0) lib/puma/server.rb:332:in `block in run'
puma (3.12.0) lib/puma/thread_pool.rb:133:in `block in spawn_thread'
Started GET "/users/1" for 127.0.0.1 at 2019-03-04 12:04:44 -0500
Processing by UsersController#show as HTML
  Parameters: {"id"=>"1"}
  [1m[36mUser Load (13.6ms)[0m  [1m[34mSELECT  "users".* FROM "users" WHERE "users"."id" = $1 LIMIT $2[0m  [["id", 1], ["LIMIT", 1]]
  ↳ app/controllers/users_controller.rb:4
[active_model_serializers] Rendered ActiveModel::Serializer::Null with User (1.01ms)
Completed 200 OK in 19ms (Views: 2.2ms | ActiveRecord: 13.6ms)


Started GET "/users/1" for 127.0.0.1 at 2019-03-04 12:05:08 -0500
Processing by UsersController#show as HTML
  Parameters: {"id"=>"1"}
  [1m[36mUser Load (3.4ms)[0m  [1m[34mSELECT  "users".* FROM "users" WHERE "users"."id" = $1 LIMIT $2[0m  [["id", 1], ["LIMIT", 1]]
  ↳ app/controllers/users_controller.rb:4
[active_model_serializers] Rendered ActiveModel::Serializer::Null with User (0.58ms)
Completed 200 OK in 7ms (Views: 1.3ms | ActiveRecord: 3.4ms)


Started GET "/favicon.ico" for 127.0.0.1 at 2019-03-04 12:05:08 -0500
  
ActionController::RoutingError (No route matches [GET] "/favicon.ico"):
  
actionpack (5.2.2) lib/action_dispatch/middleware/debug_exceptions.rb:65:in `call'
actionpack (5.2.2) lib/action_dispatch/middleware/show_exceptions.rb:33:in `call'
railties (5.2.2) lib/rails/rack/logger.rb:38:in `call_app'
railties (5.2.2) lib/rails/rack/logger.rb:26:in `block in call'
activesupport (5.2.2) lib/active_support/tagged_logging.rb:71:in `block in tagged'
activesupport (5.2.2) lib/active_support/tagged_logging.rb:28:in `tagged'
activesupport (5.2.2) lib/active_support/tagged_logging.rb:71:in `tagged'
railties (5.2.2) lib/rails/rack/logger.rb:26:in `call'
actionpack (5.2.2) lib/action_dispatch/middleware/remote_ip.rb:81:in `call'
actionpack (5.2.2) lib/action_dispatch/middleware/request_id.rb:27:in `call'
rack (2.0.6) lib/rack/runtime.rb:22:in `call'
activesupport (5.2.2) lib/active_support/cache/strategy/local_cache_middleware.rb:29:in `call'
actionpack (5.2.2) lib/action_dispatch/middleware/executor.rb:14:in `call'
actionpack (5.2.2) lib/action_dispatch/middleware/static.rb:127:in `call'
rack (2.0.6) lib/rack/sendfile.rb:111:in `call'
rack-cors (1.0.2) lib/rack/cors.rb:97:in `call'
railties (5.2.2) lib/rails/engine.rb:524:in `call'
puma (3.12.0) lib/puma/configuration.rb:225:in `call'
puma (3.12.0) lib/puma/server.rb:658:in `handle_request'
puma (3.12.0) lib/puma/server.rb:472:in `process_client'
puma (3.12.0) lib/puma/server.rb:332:in `block in run'
puma (3.12.0) lib/puma/thread_pool.rb:133:in `block in spawn_thread'
Started GET "/users/1" for 127.0.0.1 at 2019-03-04 12:05:09 -0500
Processing by UsersController#show as HTML
  Parameters: {"id"=>"1"}
  [1m[36mUser Load (6.0ms)[0m  [1m[34mSELECT  "users".* FROM "users" WHERE "users"."id" = $1 LIMIT $2[0m  [["id", 1], ["LIMIT", 1]]
  ↳ app/controllers/users_controller.rb:4
[active_model_serializers] Rendered ActiveModel::Serializer::Null with User (0.37ms)
Completed 200 OK in 9ms (Views: 1.0ms | ActiveRecord: 6.0ms)


Started GET "/users/1" for 127.0.0.1 at 2019-03-04 12:05:30 -0500
  [1m[35m (1.0ms)[0m  [1m[34mSELECT "schema_migrations"."version" FROM "schema_migrations" ORDER BY "schema_migrations"."version" ASC[0m
  ↳ /Users/metelskyi/.rvm/gems/ruby-2.5.3/gems/activerecord-5.2.2/lib/active_record/log_subscriber.rb:98
Processing by UsersController#show as HTML
  Parameters: {"id"=>"1"}
  [1m[36mUser Load (2.3ms)[0m  [1m[34mSELECT  "users".* FROM "users" WHERE "users"."id" = $1 LIMIT $2[0m  [["id", 1], ["LIMIT", 1]]
  ↳ app/controllers/users_controller.rb:4
[active_model_serializers]   [1m[36mMatch Load (0.6ms)[0m  [1m[34mSELECT "matches".* FROM "matches" WHERE "matches"."user_id" = $1[0m  [["user_id", 1]]
[active_model_serializers]   ↳ app/controllers/users_controller.rb:4
[active_model_serializers] No serializer found for resource: #<Match id: 1, user_id: 1, hero_id: 1, created_at: "2019-03-04 16:12:33", updated_at: "2019-03-04 16:12:33", kills: nil, deaths: nil, assists: nil, result: nil>
[active_model_serializers] Rendered UserSerializer with ActiveModelSerializers::Adapter::Attributes (98.78ms)
Completed 200 OK in 295ms (Views: 190.1ms | ActiveRecord: 44.1ms)


Started GET "/users/" for 127.0.0.1 at 2019-03-04 12:27:34 -0500
  
LoadError (cannot load such file -- /Users/metelskyi/Development/code/mod3/project/my_stats/config/routes.rb):
  
bootsnap (1.4.1) lib/bootsnap/load_path_cache/core_ext/kernel_require.rb:50:in `load'
bootsnap (1.4.1) lib/bootsnap/load_path_cache/core_ext/kernel_require.rb:50:in `load'
activesupport (5.2.2) lib/active_support/dependencies.rb:285:in `block in load'
activesupport (5.2.2) lib/active_support/dependencies.rb:257:in `load_dependency'
activesupport (5.2.2) lib/active_support/dependencies.rb:285:in `load'
railties (5.2.2) lib/rails/application/routes_reloader.rb:41:in `block in load_paths'
railties (5.2.2) lib/rails/application/routes_reloader.rb:41:in `each'
railties (5.2.2) lib/rails/application/routes_reloader.rb:41:in `load_paths'
railties (5.2.2) lib/rails/application/routes_reloader.rb:20:in `reload!'
railties (5.2.2) lib/rails/application/routes_reloader.rb:30:in `block in updater'
activesupport (5.2.2) lib/active_support/file_update_checker.rb:83:in `execute'
railties (5.2.2) lib/rails/application/routes_reloader.rb:10:in `execute'
railties (5.2.2) lib/rails/application/finisher.rb:143:in `block (2 levels) in <module:Finisher>'
activesupport (5.2.2) lib/active_support/callbacks.rb:426:in `instance_exec'
activesupport (5.2.2) lib/active_support/callbacks.rb:426:in `block in make_lambda'
activesupport (5.2.2) lib/active_support/callbacks.rb:198:in `block (2 levels) in halting'
activesupport (5.2.2) lib/active_support/callbacks.rb:606:in `block (2 levels) in default_terminator'
activesupport (5.2.2) lib/active_support/callbacks.rb:605:in `catch'
activesupport (5.2.2) lib/active_support/callbacks.rb:605:in `block in default_terminator'
activesupport (5.2.2) lib/active_support/callbacks.rb:199:in `block in halting'
activesupport (5.2.2) lib/active_support/callbacks.rb:513:in `block in invoke_before'
activesupport (5.2.2) lib/active_support/callbacks.rb:513:in `each'
activesupport (5.2.2) lib/active_support/callbacks.rb:513:in `invoke_before'
activesupport (5.2.2) lib/active_support/callbacks.rb:131:in `run_callbacks'
activesupport (5.2.2) lib/active_support/execution_wrapper.rb:110:in `run!'
activesupport (5.2.2) lib/active_support/reloader.rb:115:in `run!'
activesupport (5.2.2) lib/active_support/execution_wrapper.rb:72:in `block in run!'
activesupport (5.2.2) lib/active_support/execution_wrapper.rb:69:in `tap'
activesupport (5.2.2) lib/active_support/execution_wrapper.rb:69:in `run!'
activesupport (5.2.2) lib/active_support/reloader.rb:64:in `run!'
actionpack (5.2.2) lib/action_dispatch/middleware/executor.rb:12:in `call'
actionpack (5.2.2) lib/action_dispatch/middleware/debug_exceptions.rb:61:in `call'
actionpack (5.2.2) lib/action_dispatch/middleware/show_exceptions.rb:33:in `call'
railties (5.2.2) lib/rails/rack/logger.rb:38:in `call_app'
railties (5.2.2) lib/rails/rack/logger.rb:26:in `block in call'
activesupport (5.2.2) lib/active_support/tagged_logging.rb:71:in `block in tagged'
activesupport (5.2.2) lib/active_support/tagged_logging.rb:28:in `tagged'
activesupport (5.2.2) lib/active_support/tagged_logging.rb:71:in `tagged'
railties (5.2.2) lib/rails/rack/logger.rb:26:in `call'
actionpack (5.2.2) lib/action_dispatch/middleware/remote_ip.rb:81:in `call'
actionpack (5.2.2) lib/action_dispatch/middleware/request_id.rb:27:in `call'
rack (2.0.6) lib/rack/runtime.rb:22:in `call'
activesupport (5.2.2) lib/active_support/cache/strategy/local_cache_middleware.rb:29:in `call'
actionpack (5.2.2) lib/action_dispatch/middleware/executor.rb:14:in `call'
actionpack (5.2.2) lib/action_dispatch/middleware/static.rb:127:in `call'
rack (2.0.6) lib/rack/sendfile.rb:111:in `call'
rack-cors (1.0.2) lib/rack/cors.rb:97:in `call'
railties (5.2.2) lib/rails/engine.rb:524:in `call'
puma (3.12.0) lib/puma/configuration.rb:225:in `call'
puma (3.12.0) lib/puma/server.rb:658:in `handle_request'
puma (3.12.0) lib/puma/server.rb:472:in `process_client'
puma (3.12.0) lib/puma/server.rb:332:in `block in run'
puma (3.12.0) lib/puma/thread_pool.rb:133:in `block in spawn_thread'
Started GET "/users/" for 127.0.0.1 at 2019-03-04 12:28:05 -0500
  
ActionController::RoutingError (No route matches [GET] "/users"):
  
actionpack (5.2.2) lib/action_dispatch/middleware/debug_exceptions.rb:65:in `call'
actionpack (5.2.2) lib/action_dispatch/middleware/show_exceptions.rb:33:in `call'
railties (5.2.2) lib/rails/rack/logger.rb:38:in `call_app'
railties (5.2.2) lib/rails/rack/logger.rb:26:in `block in call'
activesupport (5.2.2) lib/active_support/tagged_logging.rb:71:in `block in tagged'
activesupport (5.2.2) lib/active_support/tagged_logging.rb:28:in `tagged'
activesupport (5.2.2) lib/active_support/tagged_logging.rb:71:in `tagged'
railties (5.2.2) lib/rails/rack/logger.rb:26:in `call'
actionpack (5.2.2) lib/action_dispatch/middleware/remote_ip.rb:81:in `call'
actionpack (5.2.2) lib/action_dispatch/middleware/request_id.rb:27:in `call'
rack (2.0.6) lib/rack/runtime.rb:22:in `call'
activesupport (5.2.2) lib/active_support/cache/strategy/local_cache_middleware.rb:29:in `call'
actionpack (5.2.2) lib/action_dispatch/middleware/executor.rb:14:in `call'
actionpack (5.2.2) lib/action_dispatch/middleware/static.rb:127:in `call'
rack (2.0.6) lib/rack/sendfile.rb:111:in `call'
rack-cors (1.0.2) lib/rack/cors.rb:97:in `call'
railties (5.2.2) lib/rails/engine.rb:524:in `call'
puma (3.12.0) lib/puma/configuration.rb:225:in `call'
puma (3.12.0) lib/puma/server.rb:658:in `handle_request'
puma (3.12.0) lib/puma/server.rb:472:in `process_client'
puma (3.12.0) lib/puma/server.rb:332:in `block in run'
puma (3.12.0) lib/puma/thread_pool.rb:133:in `block in spawn_thread'
Started GET "/users/" for 127.0.0.1 at 2019-03-04 12:28:15 -0500
  
ActionController::RoutingError (No route matches [GET] "/users"):
  
actionpack (5.2.2) lib/action_dispatch/middleware/debug_exceptions.rb:65:in `call'
actionpack (5.2.2) lib/action_dispatch/middleware/show_exceptions.rb:33:in `call'
railties (5.2.2) lib/rails/rack/logger.rb:38:in `call_app'
railties (5.2.2) lib/rails/rack/logger.rb:26:in `block in call'
activesupport (5.2.2) lib/active_support/tagged_logging.rb:71:in `block in tagged'
activesupport (5.2.2) lib/active_support/tagged_logging.rb:28:in `tagged'
activesupport (5.2.2) lib/active_support/tagged_logging.rb:71:in `tagged'
railties (5.2.2) lib/rails/rack/logger.rb:26:in `call'
actionpack (5.2.2) lib/action_dispatch/middleware/remote_ip.rb:81:in `call'
actionpack (5.2.2) lib/action_dispatch/middleware/request_id.rb:27:in `call'
rack (2.0.6) lib/rack/runtime.rb:22:in `call'
activesupport (5.2.2) lib/active_support/cache/strategy/local_cache_middleware.rb:29:in `call'
actionpack (5.2.2) lib/action_dispatch/middleware/executor.rb:14:in `call'
actionpack (5.2.2) lib/action_dispatch/middleware/static.rb:127:in `call'
rack (2.0.6) lib/rack/sendfile.rb:111:in `call'
rack-cors (1.0.2) lib/rack/cors.rb:97:in `call'
railties (5.2.2) lib/rails/engine.rb:524:in `call'
puma (3.12.0) lib/puma/configuration.rb:225:in `call'
puma (3.12.0) lib/puma/server.rb:658:in `handle_request'
puma (3.12.0) lib/puma/server.rb:472:in `process_client'
puma (3.12.0) lib/puma/server.rb:332:in `block in run'
puma (3.12.0) lib/puma/thread_pool.rb:133:in `block in spawn_thread'
Started GET "/users/" for 127.0.0.1 at 2019-03-04 12:28:17 -0500
  
ActionController::RoutingError (No route matches [GET] "/users"):
  
actionpack (5.2.2) lib/action_dispatch/middleware/debug_exceptions.rb:65:in `call'
actionpack (5.2.2) lib/action_dispatch/middleware/show_exceptions.rb:33:in `call'
railties (5.2.2) lib/rails/rack/logger.rb:38:in `call_app'
railties (5.2.2) lib/rails/rack/logger.rb:26:in `block in call'
activesupport (5.2.2) lib/active_support/tagged_logging.rb:71:in `block in tagged'
activesupport (5.2.2) lib/active_support/tagged_logging.rb:28:in `tagged'
activesupport (5.2.2) lib/active_support/tagged_logging.rb:71:in `tagged'
railties (5.2.2) lib/rails/rack/logger.rb:26:in `call'
actionpack (5.2.2) lib/action_dispatch/middleware/remote_ip.rb:81:in `call'
actionpack (5.2.2) lib/action_dispatch/middleware/request_id.rb:27:in `call'
rack (2.0.6) lib/rack/runtime.rb:22:in `call'
activesupport (5.2.2) lib/active_support/cache/strategy/local_cache_middleware.rb:29:in `call'
actionpack (5.2.2) lib/action_dispatch/middleware/executor.rb:14:in `call'
actionpack (5.2.2) lib/action_dispatch/middleware/static.rb:127:in `call'
rack (2.0.6) lib/rack/sendfile.rb:111:in `call'
rack-cors (1.0.2) lib/rack/cors.rb:97:in `call'
railties (5.2.2) lib/rails/engine.rb:524:in `call'
puma (3.12.0) lib/puma/configuration.rb:225:in `call'
puma (3.12.0) lib/puma/server.rb:658:in `handle_request'
puma (3.12.0) lib/puma/server.rb:472:in `process_client'
puma (3.12.0) lib/puma/server.rb:332:in `block in run'
puma (3.12.0) lib/puma/thread_pool.rb:133:in `block in spawn_thread'
Started GET "/users/1" for 127.0.0.1 at 2019-03-04 12:28:18 -0500
  
ActionController::RoutingError (No route matches [GET] "/users/1"):
  
actionpack (5.2.2) lib/action_dispatch/middleware/debug_exceptions.rb:65:in `call'
actionpack (5.2.2) lib/action_dispatch/middleware/show_exceptions.rb:33:in `call'
railties (5.2.2) lib/rails/rack/logger.rb:38:in `call_app'
railties (5.2.2) lib/rails/rack/logger.rb:26:in `block in call'
activesupport (5.2.2) lib/active_support/tagged_logging.rb:71:in `block in tagged'
activesupport (5.2.2) lib/active_support/tagged_logging.rb:28:in `tagged'
activesupport (5.2.2) lib/active_support/tagged_logging.rb:71:in `tagged'
railties (5.2.2) lib/rails/rack/logger.rb:26:in `call'
actionpack (5.2.2) lib/action_dispatch/middleware/remote_ip.rb:81:in `call'
actionpack (5.2.2) lib/action_dispatch/middleware/request_id.rb:27:in `call'
rack (2.0.6) lib/rack/runtime.rb:22:in `call'
activesupport (5.2.2) lib/active_support/cache/strategy/local_cache_middleware.rb:29:in `call'
actionpack (5.2.2) lib/action_dispatch/middleware/executor.rb:14:in `call'
actionpack (5.2.2) lib/action_dispatch/middleware/static.rb:127:in `call'
rack (2.0.6) lib/rack/sendfile.rb:111:in `call'
rack-cors (1.0.2) lib/rack/cors.rb:97:in `call'
railties (5.2.2) lib/rails/engine.rb:524:in `call'
puma (3.12.0) lib/puma/configuration.rb:225:in `call'
puma (3.12.0) lib/puma/server.rb:658:in `handle_request'
puma (3.12.0) lib/puma/server.rb:472:in `process_client'
puma (3.12.0) lib/puma/server.rb:332:in `block in run'
puma (3.12.0) lib/puma/thread_pool.rb:133:in `block in spawn_thread'
Started GET "/users/1" for 127.0.0.1 at 2019-03-04 12:28:29 -0500
  
ActionController::RoutingError (No route matches [GET] "/users/1"):
  
actionpack (5.2.2) lib/action_dispatch/middleware/debug_exceptions.rb:65:in `call'
actionpack (5.2.2) lib/action_dispatch/middleware/show_exceptions.rb:33:in `call'
railties (5.2.2) lib/rails/rack/logger.rb:38:in `call_app'
railties (5.2.2) lib/rails/rack/logger.rb:26:in `block in call'
activesupport (5.2.2) lib/active_support/tagged_logging.rb:71:in `block in tagged'
activesupport (5.2.2) lib/active_support/tagged_logging.rb:28:in `tagged'
activesupport (5.2.2) lib/active_support/tagged_logging.rb:71:in `tagged'
railties (5.2.2) lib/rails/rack/logger.rb:26:in `call'
actionpack (5.2.2) lib/action_dispatch/middleware/remote_ip.rb:81:in `call'
actionpack (5.2.2) lib/action_dispatch/middleware/request_id.rb:27:in `call'
rack (2.0.6) lib/rack/runtime.rb:22:in `call'
activesupport (5.2.2) lib/active_support/cache/strategy/local_cache_middleware.rb:29:in `call'
actionpack (5.2.2) lib/action_dispatch/middleware/executor.rb:14:in `call'
actionpack (5.2.2) lib/action_dispatch/middleware/static.rb:127:in `call'
rack (2.0.6) lib/rack/sendfile.rb:111:in `call'
rack-cors (1.0.2) lib/rack/cors.rb:97:in `call'
railties (5.2.2) lib/rails/engine.rb:524:in `call'
puma (3.12.0) lib/puma/configuration.rb:225:in `call'
puma (3.12.0) lib/puma/server.rb:658:in `handle_request'
puma (3.12.0) lib/puma/server.rb:472:in `process_client'
puma (3.12.0) lib/puma/server.rb:332:in `block in run'
puma (3.12.0) lib/puma/thread_pool.rb:133:in `block in spawn_thread'
Started GET "/users/1" for 127.0.0.1 at 2019-03-04 12:29:07 -0500
  
ActionController::RoutingError (No route matches [GET] "/users/1"):
  
actionpack (5.2.2) lib/action_dispatch/middleware/debug_exceptions.rb:65:in `call'
actionpack (5.2.2) lib/action_dispatch/middleware/show_exceptions.rb:33:in `call'
railties (5.2.2) lib/rails/rack/logger.rb:38:in `call_app'
railties (5.2.2) lib/rails/rack/logger.rb:26:in `block in call'
activesupport (5.2.2) lib/active_support/tagged_logging.rb:71:in `block in tagged'
activesupport (5.2.2) lib/active_support/tagged_logging.rb:28:in `tagged'
activesupport (5.2.2) lib/active_support/tagged_logging.rb:71:in `tagged'
railties (5.2.2) lib/rails/rack/logger.rb:26:in `call'
actionpack (5.2.2) lib/action_dispatch/middleware/remote_ip.rb:81:in `call'
actionpack (5.2.2) lib/action_dispatch/middleware/request_id.rb:27:in `call'
rack (2.0.6) lib/rack/runtime.rb:22:in `call'
activesupport (5.2.2) lib/active_support/cache/strategy/local_cache_middleware.rb:29:in `call'
actionpack (5.2.2) lib/action_dispatch/middleware/executor.rb:14:in `call'
actionpack (5.2.2) lib/action_dispatch/middleware/static.rb:127:in `call'
rack (2.0.6) lib/rack/sendfile.rb:111:in `call'
rack-cors (1.0.2) lib/rack/cors.rb:97:in `call'
railties (5.2.2) lib/rails/engine.rb:524:in `call'
puma (3.12.0) lib/puma/configuration.rb:225:in `call'
puma (3.12.0) lib/puma/server.rb:658:in `handle_request'
puma (3.12.0) lib/puma/server.rb:472:in `process_client'
puma (3.12.0) lib/puma/server.rb:332:in `block in run'
puma (3.12.0) lib/puma/thread_pool.rb:133:in `block in spawn_thread'
Started GET "/users/1" for 127.0.0.1 at 2019-03-04 12:29:10 -0500
  
ActionController::RoutingError (No route matches [GET] "/users/1"):
  
actionpack (5.2.2) lib/action_dispatch/middleware/debug_exceptions.rb:65:in `call'
actionpack (5.2.2) lib/action_dispatch/middleware/show_exceptions.rb:33:in `call'
railties (5.2.2) lib/rails/rack/logger.rb:38:in `call_app'
railties (5.2.2) lib/rails/rack/logger.rb:26:in `block in call'
activesupport (5.2.2) lib/active_support/tagged_logging.rb:71:in `block in tagged'
activesupport (5.2.2) lib/active_support/tagged_logging.rb:28:in `tagged'
activesupport (5.2.2) lib/active_support/tagged_logging.rb:71:in `tagged'
railties (5.2.2) lib/rails/rack/logger.rb:26:in `call'
actionpack (5.2.2) lib/action_dispatch/middleware/remote_ip.rb:81:in `call'
actionpack (5.2.2) lib/action_dispatch/middleware/request_id.rb:27:in `call'
rack (2.0.6) lib/rack/runtime.rb:22:in `call'
activesupport (5.2.2) lib/active_support/cache/strategy/local_cache_middleware.rb:29:in `call'
actionpack (5.2.2) lib/action_dispatch/middleware/executor.rb:14:in `call'
actionpack (5.2.2) lib/action_dispatch/middleware/static.rb:127:in `call'
rack (2.0.6) lib/rack/sendfile.rb:111:in `call'
rack-cors (1.0.2) lib/rack/cors.rb:97:in `call'
railties (5.2.2) lib/rails/engine.rb:524:in `call'
puma (3.12.0) lib/puma/configuration.rb:225:in `call'
puma (3.12.0) lib/puma/server.rb:658:in `handle_request'
puma (3.12.0) lib/puma/server.rb:472:in `process_client'
puma (3.12.0) lib/puma/server.rb:332:in `block in run'
puma (3.12.0) lib/puma/thread_pool.rb:133:in `block in spawn_thread'
Started GET "/users/1" for 127.0.0.1 at 2019-03-04 12:29:33 -0500
  [1m[35m (45.4ms)[0m  [1m[34mSELECT "schema_migrations"."version" FROM "schema_migrations" ORDER BY "schema_migrations"."version" ASC[0m
  ↳ /Users/metelskyi/.rvm/gems/ruby-2.5.3/gems/activerecord-5.2.2/lib/active_record/log_subscriber.rb:98
Processing by UsersController#show as HTML
  Parameters: {"id"=>"1"}
  [1m[36mUser Load (2.1ms)[0m  [1m[34mSELECT  "users".* FROM "users" WHERE "users"."id" = $1 LIMIT $2[0m  [["id", 1], ["LIMIT", 1]]
  ↳ app/controllers/users_controller.rb:4
[active_model_serializers]   [1m[36mMatch Load (11.6ms)[0m  [1m[34mSELECT "matches".* FROM "matches" WHERE "matches"."user_id" = $1[0m  [["user_id", 1]]
[active_model_serializers]   ↳ app/controllers/users_controller.rb:4
[active_model_serializers] No serializer found for resource: #<Match id: 1, user_id: 1, hero_id: 1, created_at: "2019-03-04 16:12:33", updated_at: "2019-03-04 16:12:33", kills: nil, deaths: nil, assists: nil, result: nil>
[active_model_serializers] Rendered UserSerializer with ActiveModelSerializers::Adapter::Attributes (217.14ms)
Completed 200 OK in 450ms (Views: 229.9ms | ActiveRecord: 180.7ms)


Started GET "/users/1" for 127.0.0.1 at 2019-03-04 12:29:37 -0500
Processing by UsersController#show as */*
  Parameters: {"id"=>"1"}
  [1m[36mUser Load (0.7ms)[0m  [1m[34mSELECT  "users".* FROM "users" WHERE "users"."id" = $1 LIMIT $2[0m  [["id", 1], ["LIMIT", 1]]
  ↳ app/controllers/users_controller.rb:4
[active_model_serializers]   [1m[36mMatch Load (0.4ms)[0m  [1m[34mSELECT "matches".* FROM "matches" WHERE "matches"."user_id" = $1[0m  [["user_id", 1]]
[active_model_serializers]   ↳ app/controllers/users_controller.rb:4
[active_model_serializers] No serializer found for resource: #<Match id: 1, user_id: 1, hero_id: 1, created_at: "2019-03-04 16:12:33", updated_at: "2019-03-04 16:12:33", kills: nil, deaths: nil, assists: nil, result: nil>
[active_model_serializers] Rendered UserSerializer with ActiveModelSerializers::Adapter::Attributes (3.33ms)
Completed 200 OK in 6ms (Views: 3.6ms | ActiveRecord: 1.1ms)


Started GET "/users/1" for 127.0.0.1 at 2019-03-04 12:47:37 -0500
  [1m[35m (1.7ms)[0m  [1m[34mSELECT "schema_migrations"."version" FROM "schema_migrations" ORDER BY "schema_migrations"."version" ASC[0m
  ↳ /Users/metelskyi/.rvm/gems/ruby-2.5.3/gems/activerecord-5.2.2/lib/active_record/log_subscriber.rb:98
Processing by UsersController#show as */*
  Parameters: {"id"=>"1"}
  [1m[36mUser Load (1.4ms)[0m  [1m[34mSELECT  "users".* FROM "users" WHERE "users"."id" = $1 LIMIT $2[0m  [["id", 1], ["LIMIT", 1]]
  ↳ app/controllers/users_controller.rb:4
[active_model_serializers]   [1m[36mMatch Load (0.7ms)[0m  [1m[34mSELECT "matches".* FROM "matches" WHERE "matches"."user_id" = $1[0m  [["user_id", 1]]
[active_model_serializers]   ↳ app/controllers/users_controller.rb:4
[active_model_serializers] No serializer found for resource: #<Match id: 1, user_id: 1, hero_id: 1, created_at: "2019-03-04 16:12:33", updated_at: "2019-03-04 16:12:33", kills: nil, deaths: nil, assists: nil, result: nil>
[active_model_serializers] Rendered UserSerializer with ActiveModelSerializers::Adapter::Attributes (92.89ms)
Completed 200 OK in 229ms (Views: 144.4ms | ActiveRecord: 23.4ms)


Started GET "/users/1" for 127.0.0.1 at 2019-03-04 14:03:51 -0500
Processing by UsersController#show as */*
  Parameters: {"id"=>"1"}
  [1m[36mUser Load (2.0ms)[0m  [1m[34mSELECT  "users".* FROM "users" WHERE "users"."id" = $1 LIMIT $2[0m  [["id", 1], ["LIMIT", 1]]
  ↳ app/controllers/users_controller.rb:4
[active_model_serializers]   [1m[36mMatch Load (1.5ms)[0m  [1m[34mSELECT "matches".* FROM "matches" WHERE "matches"."user_id" = $1[0m  [["user_id", 1]]
[active_model_serializers]   ↳ app/controllers/users_controller.rb:4
[active_model_serializers] No serializer found for resource: #<Match id: 1, user_id: 1, hero_id: 1, created_at: "2019-03-04 16:12:33", updated_at: "2019-03-04 16:12:33", kills: nil, deaths: nil, assists: nil, result: nil>
[active_model_serializers] Rendered UserSerializer with ActiveModelSerializers::Adapter::Attributes (20.88ms)
Completed 200 OK in 50ms (Views: 19.8ms | ActiveRecord: 17.5ms)


